"/Volumes/Personal/Works/DinoHunt/DinoHunt.uproject" 1
"../../../Engine/Plugins/2D/Paper2D/Paper2D.uplugin" 2
"../../../Engine/Plugins/Blendables/LightPropagationVolume/LightPropagationVolume.uplugin" 3
"../../../Engine/Plugins/Developer/BlankPlugin/BlankPlugin.uplugin" 4
"../../../Engine/Plugins/Developer/CodeLiteSourceCodeAccess/CodeLiteSourceCodeAccess.uplugin" 5
"../../../Engine/Plugins/Developer/GitSourceControl/GitSourceControl.uplugin" 6
"../../../Engine/Plugins/Developer/KDevelopSourceCodeAccess/KDevelopSourceCodeAccess.uplugin" 7
"../../../Engine/Plugins/Developer/NullSourceCodeAccess/NullSourceCodeAccess.uplugin" 8
"../../../Engine/Plugins/Developer/OneSkyLocalizationService/OneSkyLocalizationService.uplugin" 9
"../../../Engine/Plugins/Developer/PerforceSourceControl/PerforceSourceControl.uplugin" 10
"../../../Engine/Plugins/Developer/SubversionSourceControl/SubversionSourceControl.uplugin" 11
"../../../Engine/Plugins/Developer/UObjectPlugin/UObjectPlugin.uplugin" 12
"../../../Engine/Plugins/Developer/VisualStudioSourceCodeAccess/VisualStudioSourceCodeAccess.uplugin" 13
"../../../Engine/Plugins/Developer/XCodeSourceCodeAccess/XCodeSourceCodeAccess.uplugin" 14
"../../../Engine/Plugins/Editor/EpicSurvey/EpicSurvey.uplugin" 15
"../../../Engine/Plugins/Editor/MacGraphicsSwitching/MacGraphicsSwitching.uplugin" 16
"../../../Engine/Plugins/Editor/PluginBrowser/PluginBrowser.uplugin" 17
"../../../Engine/Plugins/Editor/SpeedTreeImporter/SpeedTreeImporter.uplugin" 18
"../../../Engine/Plugins/Experimental/BlueprintStats/BlueprintStats.uplugin" 19
"../../../Engine/Plugins/Experimental/CharacterAI/CharacterAI.uplugin" 20
"../../../Engine/Plugins/Experimental/CodeEditor/CodeEditor.uplugin" 21
"../../../Engine/Plugins/Experimental/CodeView/CodeView.uplugin" 22
"../../../Engine/Plugins/Experimental/HTML5Networking/HTML5Networking.uplugin" 23
"../../../Engine/Plugins/Experimental/LiveEditor/LiveEditor.uplugin" 24
"../../../Engine/Plugins/Experimental/Phya/Phya.uplugin" 25
"../../../Engine/Plugins/Experimental/SimpleHMD/SimpleHMD.uplugin" 26
"../../../Engine/Plugins/Experimental/StructBox/StructBox.uplugin" 27
"../../../Engine/Plugins/Marketplace/Substance/Substance.uplugin" 28
"../../../Engine/Plugins/Media/AndroidMedia/AndroidMedia.uplugin" 29
"../../../Engine/Plugins/Media/AvfMedia/AvfMedia.uplugin" 30
"../../../Engine/Plugins/Media/MediaPlayerEditor/MediaPlayerEditor.uplugin" 31
"../../../Engine/Plugins/Media/WmfMedia/WmfMedia.uplugin" 32
"../../../Engine/Plugins/Messaging/MessagingDebugger/MessagingDebugger.uplugin" 33
"../../../Engine/Plugins/Messaging/UdpMessaging/UdpMessaging.uplugin" 34
"../../../Engine/Plugins/NetcodeUnitTest/NetcodeUnitTest/NetcodeUnitTest.uplugin" 35
"../../../Engine/Plugins/NetcodeUnitTest/NUTUnrealEngine4/NUTUnrealEngine4.uplugin" 36
"../../../Engine/Plugins/Runtime/Advertising/IOSTapJoy/IOSTapJoy.uplugin" 37
"../../../Engine/Plugins/Runtime/Analytics/AnalyticsBlueprintLibrary/AnalyticsBlueprintLibrary.uplugin" 38
"../../../Engine/Plugins/Runtime/Analytics/AnalyticsMulticast/AnalyticsMulticast.uplugin" 39
"../../../Engine/Plugins/Runtime/Analytics/Apsalar/IOSApsalar/IOSApsalar.uplugin" 40
"../../../Engine/Plugins/Runtime/Analytics/FileLogging/FileLogging.uplugin" 41
"../../../Engine/Plugins/Runtime/Analytics/Flurry/IOSFlurry/IOSFlurry.uplugin" 42
"../../../Engine/Plugins/Runtime/AndroidDeviceProfileSelector/AndroidDeviceProfileSelector.uplugin" 43
"../../../Engine/Plugins/Runtime/AndroidMoviePlayer/AndroidMoviePlayer.uplugin" 44
"../../../Engine/Plugins/Runtime/AppleMoviePlayer/AppleMoviePlayer.uplugin" 45
"../../../Engine/Plugins/Runtime/ArchVisCharacter/ArchVisCharacter.uplugin" 46
"../../../Engine/Plugins/Runtime/CableComponent/CableComponent.uplugin" 47
"../../../Engine/Plugins/Runtime/CustomMeshComponent/CustomMeshComponent.uplugin" 48
"../../../Engine/Plugins/Runtime/ExampleDeviceProfileSelector/ExampleDeviceProfileSelector.uplugin" 49
"../../../Engine/Plugins/Runtime/GearVR/GearVR.uplugin" 50
"../../../Engine/Plugins/Runtime/IOSDeviceProfileSelector/IOSDeviceProfileSelector.uplugin" 51
"../../../Engine/Plugins/Runtime/LeapMotionController/LeapMotionController.uplugin" 52
"../../../Engine/Plugins/Runtime/LiveEditorListenServer/LiveEditorListenServer.uplugin" 53
"../../../Engine/Plugins/Runtime/OculusAudio/OculusAudio.uplugin" 54
"../../../Engine/Plugins/Runtime/OculusLibrary/OculusLibrary.uplugin" 55
"../../../Engine/Plugins/Runtime/OculusRift/OculusRift.uplugin" 56
"../../../Engine/Plugins/Runtime/ProceduralMeshComponent/ProceduralMeshComponent.uplugin" 57
"../../../Engine/Plugins/Runtime/SoundMod/SoundMod.uplugin" 58
"../../../Engine/Plugins/Runtime/SoundVisualizations/SoundVisualizations.uplugin" 59
"../../../Engine/Plugins/Runtime/Steam/SteamController/SteamController.uplugin" 60
"../../../Engine/Plugins/Runtime/Steam/SteamVR/SteamVR.uplugin" 61
"../../../Engine/Plugins/Runtime/WebBrowserWidget/WebBrowserWidget.uplugin" 62
"../../../Engine/Plugins/Runtime/WindowsDeviceProfileSelector/WindowsDeviceProfileSelector.uplugin" 63
"../../../Engine/Plugins/Runtime/WindowsMoviePlayer/WindowsMoviePlayer.uplugin" 64
"../../../Engine/Plugins/ScriptGeneratorPlugin/ScriptGeneratorPlugin.uplugin" 65
"../../../Engine/Plugins/ScriptPlugin/ScriptPlugin.uplugin" 66
"../../../Engine/Plugins/Slate/SlateRemote/SlateRemote.uplugin" 67
"../../../Engine/Content/Internationalization/icudt53l/cnvalias.icu" 68
"../../../Engine/Content/Internationalization/icudt53l/en_US_POSIX.res" 69
"../../../Engine/Content/Internationalization/icudt53l/pool.res" 70
"../../../Engine/Content/Internationalization/icudt53l/en_US.res" 71
"../../../Engine/Content/Internationalization/icudt53l/en.res" 72
"../../../Engine/Content/Internationalization/icudt53l/root.res" 73
"/Users/rakesh-2518/Library/Application Support/Epic/Epic Games/KeyValueStore.ini" 74
"/Users/rakesh-2518/Library/Application Support/Epic/UnrealEngine/4.9/Saved/Config/Mac/Manifest.ini" 75
"../../../Engine/Config/Base.ini" 76
"../../../Engine/Config/BaseEngine.ini" 77
"/Volumes/Personal/Works/DinoHunt/Config/DefaultEngine.ini" 78
"../../../Engine/Config/Mac/MacEngine.ini" 79
"/Users/rakesh-2518/Library/Preferences/Unreal Engine/DinoHuntEditor/Mac/Engine.ini" 80
"../../../../../../../Volumes/Personal/Works/DinoHunt/Intermediate/Config/CoalescedSourceConfigs/Engine.ini" 81
"../../../Engine/Config/BaseGame.ini" 82
"/Volumes/Personal/Works/DinoHunt/Config/DefaultGame.ini" 83
"/Users/rakesh-2518/Library/Preferences/Unreal Engine/DinoHuntEditor/Mac/Game.ini" 84
"../../../../../../../Volumes/Personal/Works/DinoHunt/Intermediate/Config/CoalescedSourceConfigs/Game.ini" 85
"../../../Engine/Config/BaseInput.ini" 86
"/Volumes/Personal/Works/DinoHunt/Config/DefaultInput.ini" 87
"/Users/rakesh-2518/Library/Preferences/Unreal Engine/DinoHuntEditor/Mac/Input.ini" 88
"../../../../../../../Volumes/Personal/Works/DinoHunt/Intermediate/Config/CoalescedSourceConfigs/Input.ini" 89
"../../../Engine/Config/BaseEditor.ini" 90
"/Volumes/Personal/Works/DinoHunt/Config/DefaultEditor.ini" 91
"/Users/rakesh-2518/Library/Preferences/Unreal Engine/DinoHuntEditor/Mac/Editor.ini" 92
"../../../../../../../Volumes/Personal/Works/DinoHunt/Intermediate/Config/CoalescedSourceConfigs/Editor.ini" 93
"../../../Engine/Config/BaseEditorPerProjectUserSettings.ini" 94
"../../../Engine/Config/Mac/MacEditorPerProjectUserSettings.ini" 95
"/Users/rakesh-2518/Library/Preferences/Unreal Engine/DinoHuntEditor/Mac/EditorPerProjectUserSettings.ini" 96
"../../../../../../../Volumes/Personal/Works/DinoHunt/Intermediate/Config/CoalescedSourceConfigs/EditorPerProjectUserSettings.ini" 97
"../../../Engine/Config/BaseEditorSettings.ini" 98
"/Users/rakesh-2518/Library/Application Support/Epic/UnrealEngine/4.9/Saved/Config/Mac/EditorSettings.ini" 99
"../../../../../../../Volumes/Personal/Works/DinoHunt/Intermediate/Config/CoalescedSourceConfigs/EditorSettings.ini" 100
"../../../Engine/Config/BaseEditorLayout.ini" 101
"/Users/rakesh-2518/Library/Application Support/Epic/UnrealEngine/4.9/Saved/Config/Mac/EditorLayout.ini" 102
"../../../../../../../Volumes/Personal/Works/DinoHunt/Intermediate/Config/CoalescedSourceConfigs/EditorLayout.ini" 103
"../../../Engine/Config/BaseEditorKeyBindings.ini" 104
"/Users/rakesh-2518/Library/Application Support/Epic/UnrealEngine/4.9/Saved/Config/Mac/EditorKeyBindings.ini" 105
"../../../../../../../Volumes/Personal/Works/DinoHunt/Intermediate/Config/CoalescedSourceConfigs/EditorKeyBindings.ini" 106
"../../../Engine/Config/BaseCompat.ini" 107
"/Users/rakesh-2518/Library/Preferences/Unreal Engine/DinoHuntEditor/Mac/Compat.ini" 108
"../../../../../../../Volumes/Personal/Works/DinoHunt/Intermediate/Config/CoalescedSourceConfigs/Compat.ini" 109
"../../../Engine/Config/BaseLightmass.ini" 110
"/Users/rakesh-2518/Library/Preferences/Unreal Engine/DinoHuntEditor/Mac/Lightmass.ini" 111
"../../../../../../../Volumes/Personal/Works/DinoHunt/Intermediate/Config/CoalescedSourceConfigs/Lightmass.ini" 112
"../../../Engine/Config/BaseScalability.ini" 113
"/Users/rakesh-2518/Library/Preferences/Unreal Engine/DinoHuntEditor/Mac/Scalability.ini" 114
"../../../../../../../Volumes/Personal/Works/DinoHunt/Intermediate/Config/CoalescedSourceConfigs/Scalability.ini" 115
"/Users/rakesh-2518/Library/Preferences/Unreal Engine/DinoHuntEditor/Mac/GameUserSettings.ini" 116
"../../../../../../../Volumes/Personal/Works/DinoHunt/Intermediate/Config/CoalescedSourceConfigs/GameUserSettings.ini" 117
"../../../Engine/Config/BaseDeviceProfiles.ini" 118
"/Volumes/Personal/Works/DinoHunt/Config/DefaultDeviceProfiles.ini" 119
"/Users/rakesh-2518/Library/Preferences/Unreal Engine/DinoHuntEditor/Mac/DeviceProfiles.ini" 120
"../../../../../../../Volumes/Personal/Works/DinoHunt/Intermediate/Config/CoalescedSourceConfigs/DeviceProfiles.ini" 121
"../../../Engine/Config/ConsoleVariables.ini" 122
"../../../Engine/Content/Internationalization/icudt53l/es.res" 123
"../../../Engine/Content/Internationalization/icudt53l/ja.res" 124
"../../../Engine/Content/Internationalization/icudt53l/ko.res" 125
"../../../Engine/Content/Internationalization/icudt53l/pt_BR.res" 126
"../../../Engine/Content/Internationalization/icudt53l/pt.res" 127
"../../../Engine/Content/Internationalization/icudt53l/zh_CN.res" 128
"../../../Engine/Content/Internationalization/icudt53l/zh_Hans_CN.res" 129
"../../../Engine/Content/Internationalization/icudt53l/zh_Hans.res" 130
"../../../Engine/Content/Internationalization/icudt53l/zh.res" 131
"/Users/Shared/UnrealEngine/4.9/Engine/Content/Localization/Editor/en/Editor.locres" 132
"/Users/Shared/UnrealEngine/4.9/Engine/Content/Localization/EditorTutorials/en/EditorTutorials.locres" 133
"/Users/Shared/UnrealEngine/4.9/Engine/Content/Localization/Keywords/en/Keywords.locres" 134
"/Users/Shared/UnrealEngine/4.9/Engine/Content/Localization/Category/en/Category.locres" 135
"/Users/Shared/UnrealEngine/4.9/Engine/Content/Localization/ToolTips/en/ToolTips.locres" 136
"/Users/Shared/UnrealEngine/4.9/Engine/Content/Localization/PropertyNames/en/PropertyNames.locres" 137
"/Users/Shared/UnrealEngine/4.9/Engine/Content/Localization/Engine/en/Engine.locres" 138
"../../../Engine/Content/Slate/Fonts/Roboto-Regular.ttf" 139
"../../../Engine/Content/Slate/Fonts/DroidSansMono.ttf" 140
"../../../Engine/Content/Slate/Fonts/Roboto-Bold.ttf" 141
"../../../Engine/Content/Slate/Fonts/Roboto-Light.ttf" 142
"/Users/Shared/UnrealEngine/4.9/Engine/Binaries/Mac/../../../Engine/Shaders/ParticleSpriteVertexFactory.usf" 143
"/Users/Shared/UnrealEngine/4.9/Engine/Binaries/Mac/../../../Engine/Shaders/VertexFactoryCommon.usf" 144
"/Users/Shared/UnrealEngine/4.9/Engine/Binaries/Mac/../../../Engine/Shaders/Common.usf" 145
"/Users/Shared/UnrealEngine/4.9/Engine/Binaries/Mac/../../../Engine/Shaders/MetalCommon.usf" 146
"/Users/Shared/UnrealEngine/4.9/Engine/Binaries/Mac/../../../Engine/Shaders/ShaderVersion.usf" 147
"/Users/Shared/UnrealEngine/4.9/Engine/Binaries/Mac/../../../Engine/Shaders/CommonViewUniformBuffer.usf" 148
"/Users/Shared/UnrealEngine/4.9/Engine/Binaries/Mac/../../../Engine/Shaders/Definitions.usf" 149
"/Users/Shared/UnrealEngine/4.9/Engine/Binaries/Mac/../../../Engine/Shaders/Random.usf" 150
"/Users/Shared/UnrealEngine/4.9/Engine/Binaries/Mac/../../../Engine/Shaders/ParticleVertexFactoryCommon.usf" 151
"/Users/Shared/UnrealEngine/4.9/Engine/Binaries/Mac/../../../Engine/Shaders/ParticleGPUSpriteVertexFactory.usf" 152
"/Users/Shared/UnrealEngine/4.9/Engine/Binaries/Mac/../../../Engine/Shaders/ParticleBeamTrailVertexFactory.usf" 153
"/Users/Shared/UnrealEngine/4.9/Engine/Binaries/Mac/../../../Engine/Shaders/LocalVertexFactory.usf" 154
"/Users/Shared/UnrealEngine/4.9/Engine/Binaries/Mac/../../../Engine/Shaders/LocalVertexFactoryCommon.usf" 155
"/Users/Shared/UnrealEngine/4.9/Engine/Binaries/Mac/../../../Engine/Shaders/VectorFieldVisualizationVertexFactory.usf" 156
"/Users/Shared/UnrealEngine/4.9/Engine/Binaries/Mac/../../../Engine/Shaders/MeshParticleVertexFactory.usf" 157
"/Users/Shared/UnrealEngine/4.9/Engine/Binaries/Mac/../../../Engine/Shaders/GpuSkinVertexFactory.usf" 158
"/Users/Shared/UnrealEngine/4.9/Engine/Binaries/Mac/../../../Engine/Shaders/GpuSkinCacheCommon.usf" 159
"/Users/Shared/UnrealEngine/4.9/Engine/Binaries/Mac/../../../Engine/Shaders/LandscapeVertexFactory.usf" 160
"/Users/Shared/UnrealEngine/4.9/Engine/Binaries/Mac/../../../Engine/Shaders/SlateElementPixelShader.usf" 161
"/Users/Shared/UnrealEngine/4.9/Engine/Binaries/Mac/../../../Engine/Shaders/GammaCorrectionCommon.usf" 162
"/Users/Shared/UnrealEngine/4.9/Engine/Binaries/Mac/../../../Engine/Shaders/MaterialTemplate.usf" 163
"/Users/Shared/UnrealEngine/4.9/Engine/Binaries/Mac/../../../Engine/Shaders/DepthOfFieldCommon.usf" 164
"/Users/Shared/UnrealEngine/4.9/Engine/Binaries/Mac/../../../Engine/Shaders/GlobalDistanceFieldShared.usf" 165
"/Users/Shared/UnrealEngine/4.9/Engine/Binaries/Mac/../../../Engine/Shaders/SpeedTreeCommon.usf" 166
"/Users/Shared/UnrealEngine/4.9/Engine/Binaries/Mac/../../../Engine/Shaders/AtmosphereCommon.usf" 167
"/Users/Shared/UnrealEngine/4.9/Engine/Binaries/Mac/../../../Engine/Shaders/PaniniProjection.usf" 168
"/Users/Shared/UnrealEngine/4.9/Engine/Binaries/Mac/../../../Engine/Shaders/EyeAdaptationCommon.usf" 169
"/Users/Shared/UnrealEngine/4.9/Engine/Binaries/Mac/../../../Engine/Shaders/PostProcessCommon.usf" 170
"/Users/Shared/UnrealEngine/4.9/Engine/Binaries/Mac/../../../Engine/Shaders/DeferredShadingCommon.usf" 171
"/Users/Shared/UnrealEngine/4.9/Engine/Binaries/Mac/../../../Engine/Shaders/LightAccumulator.usf" 172
"/Users/Shared/UnrealEngine/4.9/Engine/Binaries/Mac/../../../Engine/Shaders/SlateVertexShader.usf" 173
"/Users/Shared/UnrealEngine/4.9/Engine/Binaries/Mac/../../../Engine/Shaders/ParticleSortKeyGen.usf" 174
"/Users/Shared/UnrealEngine/4.9/Engine/Binaries/Mac/../../../Engine/Shaders/ParticleBoundsShader.usf" 175
"/Users/Shared/UnrealEngine/4.9/Engine/Binaries/Mac/../../../Engine/Shaders/ParticleSimVisualizeShader.usf" 176
"/Users/Shared/UnrealEngine/4.9/Engine/Binaries/Mac/../../../Engine/Shaders/ParticleInjectionShader.usf" 177
"/Users/Shared/UnrealEngine/4.9/Engine/Binaries/Mac/../../../Engine/Shaders/ParticleSimulationShader.usf" 178
"/Users/Shared/UnrealEngine/4.9/Engine/Binaries/Mac/../../../Engine/Shaders/ParticleCurveInjectionShader.usf" 179
"/Users/Shared/UnrealEngine/4.9/Engine/Binaries/Mac/../../../Engine/Shaders/VectorFieldCompositeShaders.usf" 180
"/Users/Shared/UnrealEngine/4.9/Engine/Binaries/Mac/../../../Engine/Shaders/UpdateTextureShaders.usf" 181
"/Users/Shared/UnrealEngine/4.9/Engine/Binaries/Mac/../../../Engine/Shaders/SimpleElementColorChannelMaskPixelShader.usf" 182
"/Users/Shared/UnrealEngine/4.9/Engine/Binaries/Mac/../../../Engine/Shaders/SimpleElementPixelShader.usf" 183
"/Users/Shared/UnrealEngine/4.9/Engine/Binaries/Mac/../../../Engine/Shaders/ColorUtils.usf" 184
"/Users/Shared/UnrealEngine/4.9/Engine/Binaries/Mac/../../../Engine/Shaders/IESLightProfilesCommon.usf" 185
"/Users/Shared/UnrealEngine/4.9/Engine/Binaries/Mac/../../../Engine/Shaders/SimpleElementHitProxyPixelShader.usf" 186
"/Users/Shared/UnrealEngine/4.9/Engine/Binaries/Mac/../../../Engine/Shaders/SimpleElementVertexShader.usf" 187
"/Users/Shared/UnrealEngine/4.9/Engine/Binaries/Mac/../../../Engine/Shaders/ScreenVertexShader.usf" 188
"/Users/Shared/UnrealEngine/4.9/Engine/Binaries/Mac/../../../Engine/Shaders/ScreenPixelShader.usf" 189
"/Users/Shared/UnrealEngine/4.9/Engine/Binaries/Mac/../../../Engine/Shaders/NullPixelShader.usf" 190
"/Users/Shared/UnrealEngine/4.9/Engine/Binaries/Mac/../../../Engine/Shaders/RadixSortShaders.usf" 191
"/Users/Shared/UnrealEngine/4.9/Engine/Binaries/Mac/../../../Engine/Shaders/GpuSkinCacheComputeShader.usf" 192
"/Users/Shared/UnrealEngine/4.9/Engine/Binaries/Mac/../../../Engine/Shaders/LandscapeGrassWeight.usf" 193
"/Users/Shared/UnrealEngine/4.9/Engine/Binaries/Mac/../../../Engine/Shaders/SimpleElementTexture2DPreviewPixelShader.usf" 194
"/Users/Shared/UnrealEngine/4.9/Engine/Binaries/Mac/../../../Engine/Shaders/SimpleElementNormalMapPixelShader.usf" 195
"/Users/Shared/UnrealEngine/4.9/Engine/Binaries/Mac/../../../Engine/Shaders/meshpaintdilatepixelshader.usf" 196
"/Users/Shared/UnrealEngine/4.9/Engine/Binaries/Mac/../../../Engine/Shaders/meshpaintdilatevertexshader.usf" 197
"/Users/Shared/UnrealEngine/4.9/Engine/Binaries/Mac/../../../Engine/Shaders/MeshPaintPixelShader.usf" 198
"/Users/Shared/UnrealEngine/4.9/Engine/Binaries/Mac/../../../Engine/Shaders/MeshPaintVertexShader.usf" 199
"/Users/Shared/UnrealEngine/4.9/Engine/Binaries/Mac/../../../Engine/Shaders/VisualizeTexture.usf" 200
"/Users/Shared/UnrealEngine/4.9/Engine/Binaries/Mac/../../../Engine/Shaders/ScreenSpaceReflections.usf" 201
"/Users/Shared/UnrealEngine/4.9/Engine/Binaries/Mac/../../../Engine/Shaders/BRDF.usf" 202
"/Users/Shared/UnrealEngine/4.9/Engine/Binaries/Mac/../../../Engine/Shaders/MonteCarlo.usf" 203
"/Users/Shared/UnrealEngine/4.9/Engine/Binaries/Mac/../../../Engine/Shaders/ScreenSpaceRayCast.usf" 204
"/Users/Shared/UnrealEngine/4.9/Engine/Binaries/Mac/../../../Engine/Shaders/PostProcessBloom.usf" 205
"/Users/Shared/UnrealEngine/4.9/Engine/Binaries/Mac/../../../Engine/Shaders/FilterVertexShader.usf" 206
"/Users/Shared/UnrealEngine/4.9/Engine/Binaries/Mac/../../../Engine/Shaders/FilterPixelShader.usf" 207
"/Users/Shared/UnrealEngine/4.9/Engine/Binaries/Mac/../../../Engine/Shaders/PostProcessVisualizeHDR.usf" 208
"/Users/Shared/UnrealEngine/4.9/Engine/Binaries/Mac/../../../Engine/Shaders/PostProcessHistogramCommon.usf" 209
"/Users/Shared/UnrealEngine/4.9/Engine/Binaries/Mac/../../../Engine/Shaders/TonemapCommon.usf" 210
"/Users/Shared/UnrealEngine/4.9/Engine/Binaries/Mac/../../../Engine/Shaders/ACES.usf" 211
"/Users/Shared/UnrealEngine/4.9/Engine/Binaries/Mac/../../../Engine/Shaders/MiniFontCommon.usf" 212
"/Users/Shared/UnrealEngine/4.9/Engine/Binaries/Mac/../../../Engine/Shaders/PostProcessVisualizeBuffer.usf" 213
"/Users/Shared/UnrealEngine/4.9/Engine/Binaries/Mac/../../../Engine/Shaders/PostProcessUpscale.usf" 214
"/Users/Shared/UnrealEngine/4.9/Engine/Binaries/Mac/../../../Engine/Shaders/PostProcessTonemap.usf" 215
"/Users/Shared/UnrealEngine/4.9/Engine/Binaries/Mac/../../../Engine/Shaders/PostProcessTestImage.usf" 216
"/Users/Shared/UnrealEngine/4.9/Engine/Binaries/Mac/../../../Engine/Shaders/PostProcessTemporalAA.usf" 217
"/Users/Shared/UnrealEngine/4.9/Engine/Binaries/Mac/../../../Engine/Shaders/PostProcessTemporalCommon.usf" 218
"/Users/Shared/UnrealEngine/4.9/Engine/Binaries/Mac/../../../Engine/Shaders/PostProcessSubsurface.usf" 219
"/Users/Shared/UnrealEngine/4.9/Engine/Binaries/Mac/../../../Engine/Shaders/SeparableSSS.usf" 220
"/Users/Shared/UnrealEngine/4.9/Engine/Binaries/Mac/../../../Engine/Shaders/PostProcessSelectionOutline.usf" 221
"/Users/Shared/UnrealEngine/4.9/Engine/Binaries/Mac/../../../Engine/Shaders/PostProcessSceneColorFringe.usf" 222
"/Users/Shared/UnrealEngine/4.9/Engine/Binaries/Mac/../../../Engine/Shaders/PostProcessNoiseBlur.usf" 223
"/Users/Shared/UnrealEngine/4.9/Engine/Binaries/Mac/../../../Engine/Shaders/PostProcessMotionBlur.usf" 224
"/Users/Shared/UnrealEngine/4.9/Engine/Binaries/Mac/../../../Engine/Shaders/FastMath.usf" 225
"/Users/Shared/UnrealEngine/4.9/Engine/Binaries/Mac/../../../Engine/Shaders/PostProcessVelocityFlatten.usf" 226
"/Users/Shared/UnrealEngine/4.9/Engine/Binaries/Mac/../../../Engine/Shaders/PostProcessMobile.usf" 227
"/Users/Shared/UnrealEngine/4.9/Engine/Binaries/Mac/../../../Engine/Shaders/PostProcessMaterialShaders.usf" 228
"/Users/Shared/UnrealEngine/4.9/Engine/Binaries/Mac/../../../Engine/Shaders/PostProcessLensFlares.usf" 229
"/Users/Shared/UnrealEngine/4.9/Engine/Binaries/Mac/../../../Engine/Shaders/PostProcessLensBlur.usf" 230
"/Users/Shared/UnrealEngine/4.9/Engine/Binaries/Mac/../../../Engine/Shaders/PostProcessHistogramReduce.usf" 231
"/Users/Shared/UnrealEngine/4.9/Engine/Binaries/Mac/../../../Engine/Shaders/PostProcessHistogram.usf" 232
"/Users/Shared/UnrealEngine/4.9/Engine/Binaries/Mac/../../../Engine/Shaders/PostProcessHierarchical.usf" 233
"/Users/Shared/UnrealEngine/4.9/Engine/Binaries/Mac/../../../Engine/Shaders/PostProcessHMD.usf" 234
"/Users/Shared/UnrealEngine/4.9/Engine/Binaries/Mac/../../../Engine/Shaders/PostProcessGBufferHints.usf" 235
"/Users/Shared/UnrealEngine/4.9/Engine/Binaries/Mac/../../../Engine/Shaders/PostProcessEyeAdaptation.usf" 236
"/Users/Shared/UnrealEngine/4.9/Engine/Binaries/Mac/../../../Engine/Shaders/PostProcessDownsample.usf" 237
"/Users/Shared/UnrealEngine/4.9/Engine/Binaries/Mac/../../../Engine/Shaders/PostProcessDOF.usf" 238
"/Users/Shared/UnrealEngine/4.9/Engine/Binaries/Mac/../../../Engine/Shaders/PostProcessCompositeEditorPrimitives.usf" 239
"/Users/Shared/UnrealEngine/4.9/Engine/Binaries/Mac/../../../Engine/Shaders/PostProcessCombineLUTs.usf" 240
"/Users/Shared/UnrealEngine/4.9/Engine/Binaries/Mac/../../../Engine/Shaders/PostProcessCircleDOF.usf" 241
"/Users/Shared/UnrealEngine/4.9/Engine/Binaries/Mac/../../../Engine/Shaders/CircleDOFCommon.usf" 242
"/Users/Shared/UnrealEngine/4.9/Engine/Binaries/Mac/../../../Engine/Shaders/PostProcessBusyWait.usf" 243
"/Users/Shared/UnrealEngine/4.9/Engine/Binaries/Mac/../../../Engine/Shaders/PostProcessBokehDOF.usf" 244
"/Users/Shared/UnrealEngine/4.9/Engine/Binaries/Mac/../../../Engine/Shaders/PostProcessVisualizeDOF.usf" 245
"/Users/Shared/UnrealEngine/4.9/Engine/Binaries/Mac/../../../Engine/Shaders/FXAAShader.usf" 246
"/Users/Shared/UnrealEngine/4.9/Engine/Binaries/Mac/../../../Engine/Shaders/Fxaa3_11.usf" 247
"/Users/Shared/UnrealEngine/4.9/Engine/Binaries/Mac/../../../Engine/Shaders/PostProcessPassThrough.usf" 248
"/Users/Shared/UnrealEngine/4.9/Engine/Binaries/Mac/../../../Engine/Shaders/PostProcessLpvIndirect.usf" 249
"/Users/Shared/UnrealEngine/4.9/Engine/Binaries/Mac/../../../Engine/Shaders/DeferredLightingCommon.usf" 250
"/Users/Shared/UnrealEngine/4.9/Engine/Binaries/Mac/../../../Engine/Shaders/DynamicLightingCommon.usf" 251
"/Users/Shared/UnrealEngine/4.9/Engine/Binaries/Mac/../../../Engine/Shaders/ShadingModels.usf" 252
"/Users/Shared/UnrealEngine/4.9/Engine/Binaries/Mac/../../../Engine/Shaders/LPVFinalPass.usf" 253
"/Users/Shared/UnrealEngine/4.9/Engine/Binaries/Mac/../../../Engine/Shaders/LPVCommon.usf" 254
"/Users/Shared/UnrealEngine/4.9/Engine/Binaries/Mac/../../../Engine/Shaders/DeferredDecal.usf" 255
"/Users/Shared/UnrealEngine/4.9/Engine/Binaries/Mac/../../../Engine/Shaders/PostProcessAmbientOcclusion.usf" 256
"/Users/Shared/UnrealEngine/4.9/Engine/Binaries/Mac/../../../Engine/Shaders/PostProcessAmbient.usf" 257
"/Users/Shared/UnrealEngine/4.9/Engine/Binaries/Mac/../../../Engine/Shaders/CubemapCommon.usf" 258
"/Users/Shared/UnrealEngine/4.9/Engine/Binaries/Mac/../../../Engine/Shaders/VelocityShader.usf" 259
"/Users/Shared/UnrealEngine/4.9/Engine/Binaries/Mac/../../../Engine/Shaders/VelocityCommon.usf" 260
"/Users/Shared/UnrealEngine/4.9/Engine/Binaries/Mac/../../../Engine/Shaders/Tessellation.usf" 261
"/Users/Shared/UnrealEngine/4.9/Engine/Binaries/Mac/../../../Engine/Shaders/FlatTessellation.usf" 262
"/Users/Shared/UnrealEngine/4.9/Engine/Binaries/Mac/../../../Engine/Shaders/PNTriangles.usf" 263
"/Users/Shared/UnrealEngine/4.9/Engine/Binaries/Mac/../../../Engine/Shaders/TranslucentLightingShaders.usf" 264
"/Users/Shared/UnrealEngine/4.9/Engine/Binaries/Mac/../../../Engine/Shaders/SHCommon.usf" 265
"/Users/Shared/UnrealEngine/4.9/Engine/Binaries/Mac/../../../Engine/Shaders/ShadowProjectionCommon.usf" 266
"/Users/Shared/UnrealEngine/4.9/Engine/Binaries/Mac/../../../Engine/Shaders/TranslucentLightInjectionShaders.usf" 267
"/Users/Shared/UnrealEngine/4.9/Engine/Binaries/Mac/../../../Engine/Shaders/LightFunctionCommon.usf" 268
"/Users/Shared/UnrealEngine/4.9/Engine/Binaries/Mac/../../../Engine/Shaders/TranslucentShadowDepthShaders.usf" 269
"/Users/Shared/UnrealEngine/4.9/Engine/Binaries/Mac/../../../Engine/Shaders/ShadowDepthCommon.usf" 270
"/Users/Shared/UnrealEngine/4.9/Engine/Binaries/Mac/../../../Engine/Shaders/TiledDeferredLightShaders.usf" 271
"/Users/Shared/UnrealEngine/4.9/Engine/Binaries/Mac/../../../Engine/Shaders/SurfelTree.usf" 272
"/Users/Shared/UnrealEngine/4.9/Engine/Binaries/Mac/../../../Engine/Shaders/DistanceFieldLightingShared.usf" 273
"/Users/Shared/UnrealEngine/4.9/Engine/Binaries/Mac/../../../Engine/Shaders/SurfelMaterialShared.usf" 274
"/Users/Shared/UnrealEngine/4.9/Engine/Binaries/Mac/../../../Engine/Shaders/DistanceFieldAOShared.usf" 275
"/Users/Shared/UnrealEngine/4.9/Engine/Binaries/Mac/../../../Engine/Shaders/ShadowProjectionPixelShader.usf" 276
"/Users/Shared/UnrealEngine/4.9/Engine/Binaries/Mac/../../../Engine/Shaders/ShadowFilteringCommon.usf" 277
"/Users/Shared/UnrealEngine/4.9/Engine/Binaries/Mac/../../../Engine/Shaders/ShadowProjectionVertexShader.usf" 278
"/Users/Shared/UnrealEngine/4.9/Engine/Binaries/Mac/../../../Engine/Shaders/ShadowDepthPixelShader.usf" 279
"/Users/Shared/UnrealEngine/4.9/Engine/Binaries/Mac/../../../Engine/Shaders/LPVWriteVplCommon.usf" 280
"/Users/Shared/UnrealEngine/4.9/Engine/Binaries/Mac/../../../Engine/Shaders/LPVWriteCommon.usf" 281
"/Users/Shared/UnrealEngine/4.9/Engine/Binaries/Mac/../../../Engine/Shaders/ShadowDepthVertexShader.usf" 282
"/Users/Shared/UnrealEngine/4.9/Engine/Binaries/Mac/../../../Engine/Shaders/ShaderComplexityApplyPixelShader.usf" 283
"/Users/Shared/UnrealEngine/4.9/Engine/Binaries/Mac/../../../Engine/Shaders/ShaderComplexityApplyVertexShader.usf" 284
"/Users/Shared/UnrealEngine/4.9/Engine/Binaries/Mac/../../../Engine/Shaders/ShaderComplexityAccumulatePixelShader.usf" 285
"/Users/Shared/UnrealEngine/4.9/Engine/Binaries/Mac/../../../Engine/Shaders/HZBOcclusion.usf" 286
"/Users/Shared/UnrealEngine/4.9/Engine/Binaries/Mac/../../../Engine/Shaders/OcclusionQueryVertexShader.usf" 287
"/Users/Shared/UnrealEngine/4.9/Engine/Binaries/Mac/../../../Engine/Shaders/HitProxyPixelShader.usf" 288
"/Users/Shared/UnrealEngine/4.9/Engine/Binaries/Mac/../../../Engine/Shaders/HitProxyVertexShader.usf" 289
"/Users/Shared/UnrealEngine/4.9/Engine/Binaries/Mac/../../../Engine/Shaders/ReflectionEnvironmentShaders.usf" 290
"/Users/Shared/UnrealEngine/4.9/Engine/Binaries/Mac/../../../Engine/Shaders/ReflectionEnvironmentShared.usf" 291
"/Users/Shared/UnrealEngine/4.9/Engine/Binaries/Mac/../../../Engine/Shaders/SkyLightingShared.usf" 292
"/Users/Shared/UnrealEngine/4.9/Engine/Binaries/Mac/../../../Engine/Shaders/ReflectionEnvironmentComputeShaders.usf" 293
"/Users/Shared/UnrealEngine/4.9/Engine/Binaries/Mac/../../../Engine/Shaders/LightShaftShader.usf" 294
"/Users/Shared/UnrealEngine/4.9/Engine/Binaries/Mac/../../../Engine/Shaders/StationaryLightOverlapShaders.usf" 295
"/Users/Shared/UnrealEngine/4.9/Engine/Binaries/Mac/../../../Engine/Shaders/DeferredLightPixelShaders.usf" 296
"/Users/Shared/UnrealEngine/4.9/Engine/Binaries/Mac/../../../Engine/Shaders/DeferredLightVertexShaders.usf" 297
"/Users/Shared/UnrealEngine/4.9/Engine/Binaries/Mac/../../../Engine/Shaders/LPVVisualise.usf" 298
"/Users/Shared/UnrealEngine/4.9/Engine/Binaries/Mac/../../../Engine/Shaders/LPVGeometryVolumeCommon.usf" 299
"/Users/Shared/UnrealEngine/4.9/Engine/Binaries/Mac/../../../Engine/Shaders/LPVDirectLightInject.usf" 300
"/Users/Shared/UnrealEngine/4.9/Engine/Binaries/Mac/../../../Engine/Shaders/LPVPropagate.usf" 301
"/Users/Shared/UnrealEngine/4.9/Engine/Binaries/Mac/../../../Engine/Shaders/LPVPacking.usf" 302
"/Users/Shared/UnrealEngine/4.9/Engine/Binaries/Mac/../../../Engine/Shaders/LPVBuildGeometryVolume.usf" 303
"/Users/Shared/UnrealEngine/4.9/Engine/Binaries/Mac/../../../Engine/Shaders/LpvDirectionalOcclusion.usf" 304
"/Users/Shared/UnrealEngine/4.9/Engine/Binaries/Mac/../../../Engine/Shaders/LPVInject_AccumulateVplLists.usf" 305
"/Users/Shared/UnrealEngine/4.9/Engine/Binaries/Mac/../../../Engine/Shaders/LPVInject_GenerateVplLists.usf" 306
"/Users/Shared/UnrealEngine/4.9/Engine/Binaries/Mac/../../../Engine/Shaders/LPVClearLists.usf" 307
"/Users/Shared/UnrealEngine/4.9/Engine/Binaries/Mac/../../../Engine/Shaders/LPVClear.usf" 308
"/Users/Shared/UnrealEngine/4.9/Engine/Binaries/Mac/../../../Engine/Shaders/LightMapDensityShader.usf" 309
"/Users/Shared/UnrealEngine/4.9/Engine/Binaries/Mac/../../../Engine/Shaders/LightFunctionPixelShader.usf" 310
"/Users/Shared/UnrealEngine/4.9/Engine/Binaries/Mac/../../../Engine/Shaders/LightFunctionVertexShader.usf" 311
"/Users/Shared/UnrealEngine/4.9/Engine/Binaries/Mac/../../../Engine/Shaders/HeightfieldLighting.usf" 312
"/Users/Shared/UnrealEngine/4.9/Engine/Binaries/Mac/../../../Engine/Shaders/DistanceFieldShadowingShared.usf" 313
"/Users/Shared/UnrealEngine/4.9/Engine/Binaries/Mac/../../../Engine/Shaders/HdrCustomResolveShaders.usf" 314
"/Users/Shared/UnrealEngine/4.9/Engine/Binaries/Mac/../../../Engine/Shaders/GlobalDistanceField.usf" 315
"/Users/Shared/UnrealEngine/4.9/Engine/Binaries/Mac/../../../Engine/Shaders/GammaCorrection.usf" 316
"/Users/Shared/UnrealEngine/4.9/Engine/Binaries/Mac/../../../Engine/Shaders/GPUBenchmark.usf" 317
"/Users/Shared/UnrealEngine/4.9/Engine/Binaries/Mac/../../../Engine/Shaders/BasePassForForwardShadingPixelShader.usf" 318
"/Users/Shared/UnrealEngine/4.9/Engine/Binaries/Mac/../../../Engine/Shaders/BasePassForForwardShadingCommon.usf" 319
"/Users/Shared/UnrealEngine/4.9/Engine/Binaries/Mac/../../../Engine/Shaders/LightmapCommon.usf" 320
"/Users/Shared/UnrealEngine/4.9/Engine/Binaries/Mac/../../../Engine/Shaders/BasePassForForwardShadingVertexShader.usf" 321
"/Users/Shared/UnrealEngine/4.9/Engine/Binaries/Mac/../../../Engine/Shaders/HeightFogCommon.usf" 322
"/Users/Shared/UnrealEngine/4.9/Engine/Binaries/Mac/../../../Engine/Shaders/HeightFogPixelShader.usf" 323
"/Users/Shared/UnrealEngine/4.9/Engine/Binaries/Mac/../../../Engine/Shaders/HeightFogVertexShader.usf" 324
"/Users/Shared/UnrealEngine/4.9/Engine/Binaries/Mac/../../../Engine/Shaders/DistortAccumulatePS.usf" 325
"/Users/Shared/UnrealEngine/4.9/Engine/Binaries/Mac/../../../Engine/Shaders/DistortAccumulateVS.usf" 326
"/Users/Shared/UnrealEngine/4.9/Engine/Binaries/Mac/../../../Engine/Shaders/DistortApplyScreenPS.usf" 327
"/Users/Shared/UnrealEngine/4.9/Engine/Binaries/Mac/../../../Engine/Shaders/DistanceFieldSurfaceCacheLighting.usf" 328
"/Users/Shared/UnrealEngine/4.9/Engine/Binaries/Mac/../../../Engine/Shaders/SkyLighting.usf" 329
"/Users/Shared/UnrealEngine/4.9/Engine/Binaries/Mac/../../../Engine/Shaders/DistanceFieldSurfaceCacheLightingCompute.usf" 330
"/Users/Shared/UnrealEngine/4.9/Engine/Binaries/Mac/../../../Engine/Shaders/DistanceFieldShadowing.usf" 331
"/Users/Shared/UnrealEngine/4.9/Engine/Binaries/Mac/../../../Engine/Shaders/DistanceFieldScreenGridLighting.usf" 332
"/Users/Shared/UnrealEngine/4.9/Engine/Binaries/Mac/../../../Engine/Shaders/DistanceFieldLightingPost.usf" 333
"/Users/Shared/UnrealEngine/4.9/Engine/Binaries/Mac/../../../Engine/Shaders/DistanceFieldGlobalIllumination.usf" 334
"/Users/Shared/UnrealEngine/4.9/Engine/Binaries/Mac/../../../Engine/Shaders/DepthOnlyPixelShader.usf" 335
"/Users/Shared/UnrealEngine/4.9/Engine/Binaries/Mac/../../../Engine/Shaders/DepthOnlyVertexShader.usf" 336
"/Users/Shared/UnrealEngine/4.9/Engine/Binaries/Mac/../../../Engine/Shaders/PositionOnlyDepthVertexShader.usf" 337
"/Users/Shared/UnrealEngine/4.9/Engine/Binaries/Mac/../../../Engine/Shaders/DownsampleDepthPixelShader.usf" 338
"/Users/Shared/UnrealEngine/4.9/Engine/Binaries/Mac/../../../Engine/Shaders/EvaluateSurfelMaterial.usf" 339
"/Users/Shared/UnrealEngine/4.9/Engine/Binaries/Mac/../../../Engine/Shaders/ConvertToUniformMesh.usf" 340
"/Users/Shared/UnrealEngine/4.9/Engine/Binaries/Mac/../../../Engine/Shaders/BasePassPixelShader.usf" 341
"/Users/Shared/UnrealEngine/4.9/Engine/Binaries/Mac/../../../Engine/Shaders/BasePassCommon.usf" 342
"/Users/Shared/UnrealEngine/4.9/Engine/Binaries/Mac/../../../Engine/Shaders/ForEachLight.usf" 343
"/Users/Shared/UnrealEngine/4.9/Engine/Binaries/Mac/../../../Engine/Shaders/BasePassVertexShader.usf" 344
"/Users/Shared/UnrealEngine/4.9/Engine/Binaries/Mac/../../../Engine/Shaders/BasePassVertexCommon.usf" 345
"/Users/Shared/UnrealEngine/4.9/Engine/Binaries/Mac/../../../Engine/Shaders/BasePassTessellationShaders.usf" 346
"/Users/Shared/UnrealEngine/4.9/Engine/Binaries/Mac/../../../Engine/Shaders/AtmospherePrecompute.usf" 347
"/Users/Shared/UnrealEngine/4.9/Engine/Binaries/Mac/../../../Engine/Shaders/AtmospherePrecomputeCommon.usf" 348
"/Users/Shared/UnrealEngine/4.9/Engine/Binaries/Mac/../../../Engine/Shaders/AtmospherePrecomputeInscatter.usf" 349
"/Users/Shared/UnrealEngine/4.9/Engine/Binaries/Mac/../../../Engine/Shaders/AtmosphericFogShader.usf" 350
"/Users/Shared/UnrealEngine/4.9/Engine/Binaries/Mac/../../../Engine/Shaders/ResolveVertexShader.usf" 351
"/Users/Shared/UnrealEngine/4.9/Engine/Binaries/Mac/../../../Engine/Shaders/ResolvePixelShader.usf" 352
"/Users/Shared/UnrealEngine/4.9/Engine/Binaries/Mac/../../../Engine/Shaders/OneColorShader.usf" 353
"/Users/Shared/UnrealEngine/4.9/Engine/Binaries/Mac/../../../Engine/Shaders/MediaShaders.usf" 354
"/Users/Shared/UnrealEngine/4.9/Engine/Binaries/Mac/../../../Engine/Shaders/ClearReplacementShaders.usf" 355
"../../../Engine/Config/Android/AndroidEngine.ini" 356
"../../../Engine/Config/IOS/IOSEngine.ini" 357
"/Users/rakesh-2518/Library/Application Support/Epic/UnrealEngine/4.9/DerivedDataCache/Boot.ddc" 358
"../../../Engine/DerivedDataCache/Compressed.ddp" 359
"/Users/rakesh-2518/Library/Preferences/Unreal Engine/DinoHuntEditor/Mac/GameplayTags.ini" 360
"../../../../../../../Volumes/Personal/Works/DinoHunt/Intermediate/Config/CoalescedSourceConfigs/GameplayTags.ini" 361
"../../../Engine/Content/EditorResources/S_Actor.uasset" 362
"/Users/rakesh-2518/Library/Preferences/Unreal Engine/DinoHuntEditor/Mac/TemplateDefs.ini" 363
"../../../../../../../Volumes/Personal/Works/DinoHunt/Intermediate/Config/CoalescedSourceConfigs/TemplateDefs.ini" 364
"../../../Engine/Content/Maps/Templates/Thumbnails/Default.uasset" 365
"../../../Engine/Content/EditorMaterials/ParticleSystems/PSysThumbnail_NoImage.uasset" 366
"../../../Engine/Content/EditorMaterials/ParticleSystems/PSysThumbnail_OOD.uasset" 367
"../../../Engine/Content/EditorLandscapeResources/DataLayer.uasset" 368
"../../../Engine/Content/EngineFonts/Roboto.uasset" 369
"../../../Engine/Content/EngineMaterials/Widget3DPassThrough_Translucent.uasset" 370
"../../../Engine/Content/EngineMaterials/Widget3DPassThrough.uasset" 371
"../../../Engine/Content/Functions/Engine_MaterialFunctions02/Texturing/ScreenAlignedUVs.uasset" 372
"../../../Engine/Content/EngineResources/WhiteSquareTexture.uasset" 373
"../../../Engine/Content/Functions/Engine_MaterialFunctions01/Shading/PowerToRoughness.uasset" 374
"../../../Engine/Content/Functions/Engine_MaterialFunctions01/Shading/ConvertFromDiffSpec.uasset" 375
"../../../Engine/Content/EngineMaterials/WorldGridMaterial.uasset" 376
"../../../Engine/Content/Functions/Engine_MaterialFunctions01/Opacity/CameraDepthFade.uasset" 377
"../../../Engine/Content/EngineMaterials/T_Default_Material_Grid_M.uasset" 378
"../../../Engine/Content/EngineMaterials/T_Default_Material_Grid_N.uasset" 379
"../../../Engine/Content/EngineMaterials/DefaultDeferredDecalMaterial.uasset" 380
"../../../Engine/Content/EngineMaterials/DefaultDiffuse.uasset" 381
"../../../Engine/Content/EngineMaterials/DefaultLightFunctionMaterial.uasset" 382
"../../../Engine/Content/EngineMaterials/DefaultPostProcessMaterial.uasset" 383
"../../../Engine/Content/Functions/Engine_MaterialFunctions02/Utility/BreakOutFloat2Components.uasset" 384
"../../../Engine/Content/EngineResources/DefaultTexture.uasset" 385
"../../../Engine/Content/EngineMaterials/Widget3DPassThrough_Translucent_OneSided.uasset" 386
"../../../Engine/Content/EngineMaterials/Widget3DPassThrough_Opaque.uasset" 387
"../../../Engine/Content/EngineMaterials/Widget3DPassThrough_Opaque_OneSided.uasset" 388
"../../../Engine/Content/EngineMaterials/Widget3DPassThrough_Masked.uasset" 389
"../../../Engine/Content/EngineMaterials/Widget3DPassThrough_Masked_OneSided.uasset" 390
"../../../Engine/Content/EngineDamageTypes/DmgTypeBP_Environmental.uasset" 391
"../../../Engine/Content/Internationalization/icudt53l/numberingSystems.res" 392
"../../../Engine/Content/Internationalization/icudt53l/curr/supplementalData.res" 393
"../../../Engine/Content/Internationalization/icudt53l/curr/pool.res" 394
"../../../Engine/Content/Internationalization/icudt53l/curr/en.res" 395
"../../../Engine/Content/Internationalization/icudt53l/curr/root.res" 396
"../../../Engine/Content/EngineMeshes/Sphere.uasset" 397
"../../../Engine/Content/EngineFonts/RobotoDistanceField.uasset" 398
"../../../Engine/Content/EngineMaterials/DefaultTextMaterialOpaque.uasset" 399
"../../../Engine/Content/EditorResources/S_Trigger.uasset" 400
"../../../Engine/Content/EngineResources/GradientTexture0.uasset" 401
"../../../Engine/Content/EngineResources/Black.uasset" 402
"../../../Engine/Content/EditorMaterials/MatineeGroups/MAT_Groups_Float.uasset" 403
"../../../Engine/Content/EditorMaterials/MatineeGroups/MAT_Groups_Director.uasset" 404
"../../../Engine/Content/EditorMaterials/MatineeGroups/MAT_Groups_Event.uasset" 405
"../../../Engine/Content/EditorMaterials/MatineeGroups/MAT_Groups_Anim.uasset" 406
"../../../Engine/Content/EditorMaterials/MatineeGroups/MAT_Groups_Fade.uasset" 407
"../../../Engine/Content/EditorMaterials/MatineeGroups/MAT_Groups_Move.uasset" 408
"../../../Engine/Content/EditorMaterials/MatineeGroups/MAT_Groups_Slomo.uasset" 409
"../../../Engine/Content/EditorMaterials/MatineeGroups/MAT_ColorTrack.uasset" 410
"../../../Engine/Content/EditorMaterials/MAT_Groups_Toggle.uasset" 411
"../../../Engine/Content/EditorMaterials/MatineeGroups/MAT_Groups_AudioMaster.uasset" 412
"../../../Engine/Content/EditorMaterials/MatineeGroups/MAT_Groups_Sound.uasset" 413
"../../../Engine/Content/EditorMaterials/MatineeGroups/MAT_Groups_Vector.uasset" 414
"../../../Engine/Content/EditorMaterials/MAT_Groups_Visibility.uasset" 415
"../../../Engine/Content/EngineResources/DefaultTextureCube.uasset" 416
"../../../Engine/Content/EngineSounds/Master.uasset" 417
"../../../Engine/Content/EngineSounds/Music.uasset" 418
"../../../Engine/Content/EngineSounds/SFX.uasset" 419
"../../../Engine/Content/EngineSounds/Normal_Attack.uasset" 420
"../../../Engine/Content/EngineSounds/Special_Attack_PSM.uasset" 421
"../../../Engine/Content/EngineSounds/Duck_Normal_Attack_MixMod.uasset" 422
"../../../Engine/Content/EngineSounds/Voice.uasset" 423
"../../../Engine/Content/EngineMeshes/Cylinder.uasset" 424
"../../../Engine/Content/EngineMaterials/DefaultMaterial.uasset" 425
"../../../Engine/Content/EngineTireTypes/DefaultTireType.uasset" 426
"/Users/rakesh-2518/Library/Preferences/Unreal Engine/DinoHuntEditor/Mac/InternationalizationExport.ini" 427
"../../../../../../../Volumes/Personal/Works/DinoHunt/Intermediate/Config/CoalescedSourceConfigs/InternationalizationExport.ini" 428
"/Users/rakesh-2518/Library/Preferences/Unreal Engine/DinoHuntEditor/Mac/TranslationPickerSettings.ini" 429
"../../../../../../../Volumes/Personal/Works/DinoHunt/Intermediate/Config/CoalescedSourceConfigs/TranslationPickerSettings.ini" 430
"../../../Engine/Content/Editor/Slate/Fonts/FontAwesome.ttf" 431
"../../../Engine/Content/Editor/Slate/Fonts/DroidSansMono.ttf" 432
"../../../Engine/Content/Editor/Slate/Fonts/Roboto-BoldCondensed.ttf" 433
"../../../Engine/Content/Editor/Slate/Fonts/Roboto-Black.ttf" 434
"../../../Engine/Content/Editor/Slate/Fonts/Roboto-Italic.ttf" 435
"../../../Engine/Content/Editor/Slate/Fonts/Roboto-BoldCondensedItalic.ttf" 436
"../../../Engine/Content/Internationalization/icudt53l/coll/ucadata.icu" 437
"../../../Engine/Content/Internationalization/icudt53l/nfc.nrm" 438
"../../../Engine/Content/Internationalization/icudt53l/coll/en_US.res" 439
"../../../Engine/Content/Internationalization/icudt53l/coll/en.res" 440
"../../../Engine/Content/Internationalization/icudt53l/coll/root.res" 441
"../../../Engine/Content/EngineResources/AICON-Red.uasset" 442
"../../../Engine/Content/EngineResources/AICON-Green.uasset" 443
"../../../Engine/Content/Tutorial/Basics/LevelEditorAttract.uasset" 444
"../../../Engine/Content/Tutorial/Basics/LevelEditorOverview.uasset" 445
"../../../Engine/Content/Tutorial/Basics/TutorialAssets/icon_tab_Levels_40x.uasset" 446
"../../../Engine/Content/Tutorial/SubEditors/MaterialEditorTutorial.uasset" 447
"../../../Engine/Content/Tutorial/Landscape/Landscape_Manage_Mode.uasset" 448
"../../../Engine/Content/Tutorial/Landscape/TutorialAssets/Landscape.uasset" 449
"../../../Engine/Content/Tutorial/Landscape/Landscape_Sculpt_Mode.uasset" 450
"../../../Engine/Content/Tutorial/Foliage/Foliage_Intro_Tutorial.uasset" 451
"../../../Engine/Content/Tutorial/Foliage/TutorialAssets/Foliage.uasset" 452
"../../../Engine/Content/Tutorial/ContentIntroCurve.uasset" 453
"../../../Engine/Plugins/2D/Paper2D/Content/MaskedUnlitSpriteMaterial.uasset" 454
"../../../Engine/Plugins/2D/Paper2D/Content/DefaultSpriteMaterial.uasset" 455
"../../../Engine/Plugins/2D/Paper2D/Content/DummySpriteTexture.uasset" 456
"../../../Engine/Plugins/2D/Paper2D/Content/PlaceholderTextures/DummySpriteTexture.uasset" 457
"../../../Engine/Plugins/2D/Paper2D/Content/OpaqueUnlitSpriteMaterial.uasset" 458
"../../../Engine/Plugins/2D/Paper2D/Content/DefaultPaperTerrainMaterial.uasset" 459
"../../../Engine/Plugins/2D/Paper2D/Content/DummySprite.uasset" 460
"../../../Engine/Content/EngineMaterials/RemoveSurfaceMaterial.uasset" 461
"../../../Engine/Content/EngineDebugMaterials/DebugMeshMaterial.uasset" 462
"../../../Engine/Content/EngineMaterials/M_InvalidLightmapSettings.uasset" 463
"../../../Engine/Content/EngineMaterials/InvalidLightmapSettings.uasset" 464
"../../../Engine/Content/EditorMaterials/GizmoMaterial.uasset" 465
"../../../Engine/Content/EngineMaterials/Good64x64TilingNoiseHighFreq.uasset" 466
"../../../Engine/Content/EngineMaterials/DefaultBokeh.uasset" 467
"../../../Engine/Content/EngineMaterials/PreintegratedSkinBRDF.uasset" 468
"../../../Engine/Content/EngineMaterials/MiniFont.uasset" 469
"../../../Engine/Content/EngineMaterials/WeightMapPlaceholderTexture.uasset" 470
"../../../Engine/Content/EngineMaterials/DefaultWhiteGrid.uasset" 471
"../../../Engine/Content/EngineMaterials/DefaultPhysicalMaterial.uasset" 472
"../../../Engine/Content/EngineFonts/RobotoTiny.uasset" 473
"../../../../../../../Volumes/Personal/Works/DinoHunt/Intermediate/CachedAssetRegistry.bin" 474
"../../../Engine/Config/HTML5/HTML5Engine.ini" 475
"../../../Engine/Content/MobileResources/HUD/VirtualJoystick_Thumb.uasset" 476
"../../../Engine/Content/EditorResources/BSPVertex.uasset" 477
"../../../Engine/Content/EngineDebugMaterials/WireframeMaterial.uasset" 478
"../../../Engine/Content/EngineDebugMaterials/GeomMaterial.uasset" 479
"../../../Engine/Content/EngineDebugMaterials/LevelColorationLitMaterial.uasset" 480
"../../../Engine/Content/EngineDebugMaterials/LevelColorationUnlitMaterial.uasset" 481
"../../../Engine/Content/EngineDebugMaterials/MAT_LevelColorationLitLightmapUV.uasset" 482
"../../../Engine/Content/EngineDebugMaterials/ShadedLevelColorationLitMaterial.uasset" 483
"../../../Engine/Content/EngineDebugMaterials/ShadedLevelColorationUnlitMateri.uasset" 484
"../../../Engine/Content/EngineDebugMaterials/VertexColorMaterial.uasset" 485
"../../../Engine/Content/EngineDebugMaterials/VertexColorViewMode_ColorOnly.uasset" 486
"../../../Engine/Content/EngineDebugMaterials/VertexColorViewMode_AlphaAsColor.uasset" 487
"../../../Engine/Content/EngineDebugMaterials/VertexColorViewMode_RedOnly.uasset" 488
"../../../Engine/Content/EngineDebugMaterials/VertexColorViewMode_GreenOnly.uasset" 489
"../../../Engine/Content/EngineDebugMaterials/VertexColorViewMode_BlueOnly.uasset" 490
"../../../Engine/Content/EngineDebugMaterials/BoneWeightMaterial.uasset" 491
"../../../Engine/Content/EngineDebugMaterials/HeatmapGradient.uasset" 492
"../../../Engine/Content/EditorMaterials/PhAT_JointLimitMaterial.uasset" 493
"../../../Engine/Content/EditorMaterials/PreviewShadowIndicatorMaterial.uasset" 494
"../../../Engine/Content/EditorMaterials/PreviewShadowIndicator.uasset" 495
"../../../Engine/Content/EngineMaterials/EditorBrushMaterial.uasset" 496
"../../../Engine/Content/EditorMeshes/ColorCalibrator/SM_ColorCalibrator.uasset" 497
"../../../Engine/Content/EditorMeshes/ColorCalibrator/M_ChromeBall.uasset" 498
"../../../Engine/Content/EditorMeshes/ColorCalibrator/M_ClearCoat.uasset" 499
"../../../Engine/Content/EditorMeshes/ColorCalibrator/M_ClearCoatBlack.uasset" 500
"../../../Engine/Content/EditorMeshes/ColorCalibrator/M_ColorGrid.uasset" 501
"../../../Engine/Content/EditorMeshes/ColorCalibrator/T_ColorGrid.uasset" 502
"../../../Engine/Content/EditorMeshes/ColorCalibrator/M_GreyBall.uasset" 503
"../../../Engine/Content/Tutorial/BlueprintTutorials/TutorialAssets/Blueprint_64x.uasset" 504
"../../../Engine/Content/Tutorial/SubEditors/TutorialAssets/icon_Editor_Preferences_General_40x.uasset" 505
"../../../Engine/Content/Tutorial/Paper2D/TutorialAssets/Paper2DSprite_TutorialIcon.uasset" 506
"../../../Engine/Content/Tutorial/SubEditors/TutorialAssets/icon_ShowSkeletalMeshes_40x.uasset" 507
"../../../Engine/Content/Tutorial/SubEditors/StaticMeshEditorTutorial.uasset" 508
"../../../Engine/Content/EngineMeshes/Cube.uasset" 509
"../../../Engine/Content/Tutorial/BlueprintTutorials/BlueprintEditorTutorial.uasset" 510
"../../../Engine/Content/Tutorial/BlueprintTutorials/BlueprintMacroLibrariesEditorOverview.uasset" 511
"../../../Engine/Content/Tutorial/BlueprintTutorials/TutorialAssets/BlueprintMacroLibrary_64x.uasset" 512
"../../../Engine/Content/Tutorial/BlueprintTutorials/TutorialAssets/Tutorial_BP_MacroLib.uasset" 513
"../../../Engine/Content/Tutorial/BlueprintTutorials/BlueprintInterfacesEditorOverview.uasset" 514
"../../../Engine/Content/Tutorial/BlueprintTutorials/TutorialAssets/BlueprintInterface_64x.uasset" 515
"../../../Engine/Content/Tutorial/BlueprintTutorials/TutorialAssets/Tutorial_BP_Interface.uasset" 516
"../../../Engine/Content/Tutorial/BlueprintTutorials/LevelBlueprintEditorOverview.uasset" 517
"../../../Engine/Content/Tutorial/SubEditors/DestructibleMeshEditorTutorial.uasset" 518
"../../../Engine/Content/Tutorial/SubEditors/TutorialAssets/Tutorial_DM.uasset" 519
"../../../Engine/Content/EditorMeshes/EditorCube.uasset" 520
"../../../Engine/Content/Tutorial/SubEditors/ParticleSystemEditorTutorial.uasset" 521
"../../../Engine/Content/Tutorial/SubEditors/TutorialAssets/TutorialParticleSystem.uasset" 522
"../../../Engine/Content/Tutorial/SubEditors/TutorialAssets/M_smoke_subUV_blackbody.uasset" 523
"../../../Engine/Content/Tutorial/SubEditors/TutorialAssets/T_SmokeSubUV_8X8.uasset" 524
"../../../Engine/Content/Tutorial/SubEditors/TutorialAssets/T_soft_smoke.uasset" 525
"../../../Engine/Content/Tutorial/SubEditors/PersonaAnimEditorTutorial.uasset" 526
"../../../Engine/Content/Tutorial/SubEditors/PersonaAnimEditorWalkthrough.uasset" 527
"../../../Engine/Content/Tutorial/SubEditors/TutorialAssets/Character/NewBlendSpace1D.uasset" 528
"../../../Engine/Content/Tutorial/SubEditors/TutorialAssets/Character/Tutorial_Idle.uasset" 529
"../../../Engine/Content/Tutorial/SubEditors/TutorialAssets/Character/TutorialTPP_Skeleton.uasset" 530
"../../../Engine/Content/Tutorial/SubEditors/TutorialAssets/Character/Tutorial_Walk_Fwd.uasset" 531
"../../../Engine/Content/Tutorial/SubEditors/TutorialAssets/Character/TutorialTPP.uasset" 532
"../../../Engine/Content/Tutorial/SubEditors/TutorialAssets/Character/TutorialTPP_Mat.uasset" 533
"../../../Engine/Content/Tutorial/SubEditors/TutorialAssets/Character/TutorialTPP_PhysicsAsset.uasset" 534
"../../../Engine/Content/Tutorial/SubEditors/PersonaAnimBlueprintEditorWalkthrough.uasset" 535
"../../../Engine/Content/Tutorial/SubEditors/TutorialAssets/Character/TutorialTPP_AnimBlueprint.uasset" 536
"../../../Engine/Content/EditorBlueprintResources/StandardMacros.uasset" 537
"../../../Engine/Content/Tutorial/SubEditors/TutorialAssets/Character/TutorialCharacter.uasset" 538
"../../../Engine/Content/Tutorial/Paper2D/SpriteEditorTutorial.uasset" 539
"../../../Engine/Content/Tutorial/Paper2D/FlipbookEditorTutorial.uasset" 540
"../../../Engine/Content/Tutorial/Paper2D/TutorialAssets/Paper2DFlipbook_TutorialIcon.uasset" 541
"../../../Engine/Content/Tutorial/SubEditors/TutorialAssets/TutorialMaterial.uasset" 542
"../../../Engine/Content/Tutorial/Landscape/Landscape_Painting_Mode.uasset" 543
"../../../Engine/Content/Tutorial/Foliage/Foliage_Using_The_Tool_Tutorial.uasset" 544
"../../../Engine/Content/Tutorial/Foliage/Foliage_Settings_Tutorial.uasset" 545
"../../../Engine/Content/MobileResources/HUD/MobileHUDDirectionPad3.uasset" 546
"../../../Engine/Content/MobileResources/HUD/MobileHUDButton1_on.uasset" 547
"../../../Engine/Content/MobileResources/HUD/LeftVirtualJoystickOnly.uasset" 548
"../../../Engine/Content/MobileResources/HUD/VirtualJoystick_Background.uasset" 549
"../../../Engine/Content/MobileResources/HUD/DefaultVirtualJoysticks.uasset" 550
"../../../Engine/Content/MobileResources/HUD/AnalogHat.uasset" 551
"../../../../../../../Volumes/Personal/Works/DinoHunt/Content/Maps/LevelSelect.umap" 552
"../../../../../../../Volumes/Personal/Works/DinoHunt/Content/Blueprints/LevelSelectMenu_Blueprint.uasset" 553
"../../../../../../../Volumes/Personal/Works/DinoHunt/Content/Textures/UI/EmptyButton.uasset" 554
"../../../../../../../Volumes/Personal/Works/DinoHunt/Content/Textures/UI/QuitButton.uasset" 555
"../../../../../../../Volumes/Personal/Works/DinoHunt/Content/Maps/MainMenu.umap" 556
"../../../../../../../Volumes/Personal/Works/DinoHunt/Content/Blueprints/MainMenu_Blueprint.uasset" 557
"../../../../../../../Volumes/Personal/Works/DinoHunt/Content/Textures/UI/RetryButton.uasset" 558
"../../../../../../../Volumes/Personal/Works/DinoHunt/Content/Maps/Level9.umap" 559
"../../../../../../../Volumes/Personal/Works/DinoHunt/Content/Blueprints/RadialForceActor_Blueprint.uasset" 560
"../../../../../../../Volumes/Personal/Works/DinoHunt/Content/Blueprints/Rock_Blueprint.uasset" 561
"../../../../../../../Volumes/Personal/Works/DinoHunt/Content/Textures/Rock/Rock_Sprite.uasset" 562
"../../../../../../../Volumes/Personal/Works/DinoHunt/Content/Textures/Rock/Rock1.uasset" 563
"../../../../../../../Volumes/Personal/Works/DinoHunt/Content/Blueprints/Camera_Blueprint.uasset" 564
"../../../../../../../Volumes/Personal/Works/DinoHunt/Content/Blueprints/Clouds_Blueprint.uasset" 565
"../../../../../../../Volumes/Personal/Works/DinoHunt/Content/Textures/Clouds/Clouds1_Sprite.uasset" 566
"../../../../../../../Volumes/Personal/Works/DinoHunt/Content/Textures/Clouds/Clouds1.uasset" 567
"../../../../../../../Volumes/Personal/Works/DinoHunt/Content/Blueprints/Dino_Blueprint.uasset" 568
"../../../../../../../Volumes/Personal/Works/DinoHunt/Content/Textures/Dino1/Dino1_Flipbook.uasset" 569
"../../../../../../../Volumes/Personal/Works/DinoHunt/Content/Textures/Dino1/Dino1_1_Sprite.uasset" 570
"../../../../../../../Volumes/Personal/Works/DinoHunt/Content/Textures/Dino1/Dino1_1.uasset" 571
"../../../../../../../Volumes/Personal/Works/DinoHunt/Content/Textures/Dino1/Dino1_2_Sprite.uasset" 572
"../../../../../../../Volumes/Personal/Works/DinoHunt/Content/Textures/Dino1/Dino1_2.uasset" 573
"../../../../../../../Volumes/Personal/Works/DinoHunt/Content/Textures/Dino1/Dino1_3_Sprite.uasset" 574
"../../../../../../../Volumes/Personal/Works/DinoHunt/Content/Textures/Dino1/Dino1_3.uasset" 575
"../../../../../../../Volumes/Personal/Works/DinoHunt/Content/Blueprints/LevelMaster_Blueprint.uasset" 576
"../../../../../../../Volumes/Personal/Works/DinoHunt/Content/Blueprints/InLevelMenu_Blueprint.uasset" 577
"../../../../../../../Volumes/Personal/Works/DinoHunt/Content/Textures/UI/ExitButton.uasset" 578
"../../../../../../../Volumes/Personal/Works/DinoHunt/Content/Textures/Background/Clouds2_Sprite.uasset" 579
"../../../../../../../Volumes/Personal/Works/DinoHunt/Content/Textures/Background/Clouds2.uasset" 580
"../../../../../../../Volumes/Personal/Works/DinoHunt/Content/Textures/Background/DistantGround_Sprite.uasset" 581
"../../../../../../../Volumes/Personal/Works/DinoHunt/Content/Textures/Background/DistantGround.uasset" 582
"../../../../../../../Volumes/Personal/Works/DinoHunt/Content/Textures/Background/Frame_Sprite.uasset" 583
"../../../../../../../Volumes/Personal/Works/DinoHunt/Content/Textures/Background/Frame.uasset" 584
"../../../../../../../Volumes/Personal/Works/DinoHunt/Content/Textures/Background/Hills2_Sprite.uasset" 585
"../../../../../../../Volumes/Personal/Works/DinoHunt/Content/Textures/Background/Hills2.uasset" 586
"../../../../../../../Volumes/Personal/Works/DinoHunt/Content/Textures/Background/Hills3_Sprite.uasset" 587
"../../../../../../../Volumes/Personal/Works/DinoHunt/Content/Textures/Background/Hills3.uasset" 588
"../../../../../../../Volumes/Personal/Works/DinoHunt/Content/Textures/Background/Hills_Sprite.uasset" 589
"../../../../../../../Volumes/Personal/Works/DinoHunt/Content/Textures/Background/Hills.uasset" 590
"../../../../../../../Volumes/Personal/Works/DinoHunt/Content/Textures/Background/Sky_Sprite.uasset" 591
"../../../../../../../Volumes/Personal/Works/DinoHunt/Content/Textures/Background/Sky.uasset" 592
"../../../../../../../Volumes/Personal/Works/DinoHunt/Content/Textures/Dino2/Dino2_Flipbook.uasset" 593
"../../../../../../../Volumes/Personal/Works/DinoHunt/Content/Textures/Dino2/Dino2_1_Sprite.uasset" 594
"../../../../../../../Volumes/Personal/Works/DinoHunt/Content/Textures/Dino2/Dino2_1.uasset" 595
"../../../../../../../Volumes/Personal/Works/DinoHunt/Content/Textures/Dino3/Dino3_Flipbook.uasset" 596
"../../../../../../../Volumes/Personal/Works/DinoHunt/Content/Textures/Dino3/Dino3_1_Sprite.uasset" 597
"../../../../../../../Volumes/Personal/Works/DinoHunt/Content/Textures/Dino3/Dino3_1.uasset" 598
"../../../../../../../Volumes/Personal/Works/DinoHunt/Content/Textures/Foreground/Ground1_Sprite.uasset" 599
"../../../../../../../Volumes/Personal/Works/DinoHunt/Content/Textures/Foreground/Ground1.uasset" 600
"../../../../../../../Volumes/Personal/Works/DinoHunt/Content/Textures/Levels/Level9_Sprite.uasset" 601
"../../../../../../../Volumes/Personal/Works/DinoHunt/Content/Textures/Levels/Level9.uasset" 602
"../../../../../../../Volumes/Personal/Works/DinoHunt/Content/Textures/Plank/Plank_Sprite.uasset" 603
"../../../../../../../Volumes/Personal/Works/DinoHunt/Content/Textures/Plank/Plank.uasset" 604
"/Users/rakesh-2518/Library/Application Support/Epic/UnrealEngine/Common/DerivedDataCache/0/8/8/PHYSX_1D9C17C451EA4FB88CB7A27536A65DB0_PHYSXPC_300A7E637F40091A962CEA93FAB54D2C__1_1_13123_0.udd" 605
"/Users/rakesh-2518/Library/Application Support/Epic/UnrealEngine/Common/DerivedDataCache/0/9/2/PHYSX_1D9C17C451EA4FB88CB7A27536A65DB0_PHYSXPC_A406B07A95483A4C870EE1A21556077F__1_1_13123_0.udd" 606
"/Users/rakesh-2518/Library/Application Support/Epic/UnrealEngine/Common/DerivedDataCache/3/6/4/PHYSX_1D9C17C451EA4FB88CB7A27536A65DB0_PHYSXPC_B93BB986294377440E6C3A9A3CA3C2EA__1_1_13123_0.udd" 607
"/Users/rakesh-2518/Library/Application Support/Epic/UnrealEngine/Common/DerivedDataCache/1/5/2/PHYSX_1D9C17C451EA4FB88CB7A27536A65DB0_PHYSXPC_048474730A41FCD1D0D382AF54754224__1_1_13123_0.udd" 608
"/Users/rakesh-2518/Library/Application Support/Epic/UnrealEngine/Common/DerivedDataCache/1/5/1/PHYSX_1D9C17C451EA4FB88CB7A27536A65DB0_PHYSXPC_6368B06DF14793D017E495A1545206DF__1_1_13123_0.udd" 609
"../../../Engine/Content/EditorResources/EmptyActor.uasset" 610
"../../../Engine/Content/EditorResources/LightIcons/S_LightError.uasset" 611
"../../../../../../../Volumes/Personal/Works/DinoHunt/Content/Maps/Level8.umap" 612
"../../../../../../../Volumes/Personal/Works/DinoHunt/Content/Textures/Levels/Level8_Sprite.uasset" 613
"../../../../../../../Volumes/Personal/Works/DinoHunt/Content/Textures/Levels/Level8.uasset" 614
"/Users/rakesh-2518/Library/Application Support/Epic/UnrealEngine/Common/DerivedDataCache/4/6/8/PHYSX_1D9C17C451EA4FB88CB7A27536A65DB0_PHYSXPC_73096E695041048D52508EAD3F1CD9B5__1_1_13123_0.udd" 615
"../../../../../../../Volumes/Personal/Works/DinoHunt/Content/Maps/Level7.umap" 616
"../../../../../../../Volumes/Personal/Works/DinoHunt/Content/Textures/Levels/Level7_Sprite.uasset" 617
"../../../../../../../Volumes/Personal/Works/DinoHunt/Content/Textures/Levels/Level7.uasset" 618
"/Users/rakesh-2518/Library/Application Support/Epic/UnrealEngine/Common/DerivedDataCache/4/3/8/PHYSX_1D9C17C451EA4FB88CB7A27536A65DB0_PHYSXPC_C3887FCE9E4FDD0D633960941697C349__1_1_13123_0.udd" 619
"../../../../../../../Volumes/Personal/Works/DinoHunt/Content/Maps/Level6.umap" 620
"../../../../../../../Volumes/Personal/Works/DinoHunt/Content/Textures/Levels/Level6_Sprite.uasset" 621
"../../../../../../../Volumes/Personal/Works/DinoHunt/Content/Textures/Levels/Level6.uasset" 622
"/Users/rakesh-2518/Library/Application Support/Epic/UnrealEngine/Common/DerivedDataCache/7/5/3/PHYSX_1D9C17C451EA4FB88CB7A27536A65DB0_PHYSXPC_81E2A181B041418321E4BDAD2B2F60FE__1_1_13123_0.udd" 623
"../../../../../../../Volumes/Personal/Works/DinoHunt/Content/Maps/Level5.umap" 624
"../../../../../../../Volumes/Personal/Works/DinoHunt/Content/Textures/Levels/Level5_Sprite.uasset" 625
"../../../../../../../Volumes/Personal/Works/DinoHunt/Content/Textures/Levels/Level5.uasset" 626
"/Users/rakesh-2518/Library/Application Support/Epic/UnrealEngine/Common/DerivedDataCache/2/0/3/PHYSX_1D9C17C451EA4FB88CB7A27536A65DB0_PHYSXPC_A0ADAFBDEC4504DCD18524A8839D6A06__1_1_13123_0.udd" 627
"../../../../../../../Volumes/Personal/Works/DinoHunt/Content/Maps/Level4.umap" 628
"../../../../../../../Volumes/Personal/Works/DinoHunt/Content/Textures/Levels/Level4_Sprite.uasset" 629
"../../../../../../../Volumes/Personal/Works/DinoHunt/Content/Textures/Levels/Level4.uasset" 630
"/Users/rakesh-2518/Library/Application Support/Epic/UnrealEngine/Common/DerivedDataCache/1/8/4/PHYSX_1D9C17C451EA4FB88CB7A27536A65DB0_PHYSXPC_8240FC6F6142D87FE41C0A864A5CF40F__1_1_13123_0.udd" 631
"../../../../../../../Volumes/Personal/Works/DinoHunt/Content/Maps/Level3.umap" 632
"../../../../../../../Volumes/Personal/Works/DinoHunt/Content/Textures/Levels/Level3_Sprite.uasset" 633
"../../../../../../../Volumes/Personal/Works/DinoHunt/Content/Textures/Levels/Level3.uasset" 634
"/Users/rakesh-2518/Library/Application Support/Epic/UnrealEngine/Common/DerivedDataCache/8/1/0/PHYSX_1D9C17C451EA4FB88CB7A27536A65DB0_PHYSXPC_1B3CE8E6974A0D9EEAD1BE9FC0C01F98__1_1_13123_0.udd" 635
"../../../../../../../Volumes/Personal/Works/DinoHunt/Content/Maps/Level2.umap" 636
"../../../../../../../Volumes/Personal/Works/DinoHunt/Content/Textures/Levels/Level2_Sprite.uasset" 637
"../../../../../../../Volumes/Personal/Works/DinoHunt/Content/Textures/Levels/Level2.uasset" 638
"/Users/rakesh-2518/Library/Application Support/Epic/UnrealEngine/Common/DerivedDataCache/3/8/2/PHYSX_1D9C17C451EA4FB88CB7A27536A65DB0_PHYSXPC_CA9D3E73FC4AC8A8963BC7B0272EB605__1_1_13123_0.udd" 639
"../../../../../../../Volumes/Personal/Works/DinoHunt/Content/Maps/Level1.umap" 640
"../../../../../../../Volumes/Personal/Works/DinoHunt/Content/Textures/Levels/Level1_Sprite.uasset" 641
"../../../../../../../Volumes/Personal/Works/DinoHunt/Content/Textures/Levels/Level1.uasset" 642
"/Users/rakesh-2518/Library/Application Support/Epic/UnrealEngine/Common/DerivedDataCache/3/3/7/PHYSX_1D9C17C451EA4FB88CB7A27536A65DB0_PHYSXPC_F9FFDD8C7849FDF4F2FEFD8DB8668D43__1_1_13123_0.udd" 643
"../../../../../../../Volumes/Personal/Works/DinoHunt/Content/Textures/UI/RetryButton_Sprite.uasset" 644
"/Users/rakesh-2518/Library/Application Support/Epic/UnrealEngine/Common/DerivedDataCache/0/1/4/TEXTURE_814DCC3DC72143F49509781513CB9855_BGRA8_9F5ADF0B434A37BDA19E59A4BCF80AF__D9EABBFDB8E8972668F4C6C2928376BC58394CEE.udd" 645
"/Users/rakesh-2518/Library/Application Support/Epic/UnrealEngine/Common/DerivedDataCache/5/4/0/TEXTURE_814DCC3DC72143F49509781513CB9855_BGRA8_B297722EBA4FF8FA4DA6C3A24C2D237__C01902E264FA79F8F349D0F3701B38E18E3CCBF6.udd" 646
"/Users/rakesh-2518/Library/Application Support/Epic/UnrealEngine/Common/DerivedDataCache/7/4/1/TEXTURE_814DCC3DC72143F49509781513CB9855_BGRA8_6F66F6B89A468A4E5B8398995E5D8F2__3955CCBFB508B6C1493A890D9C22619E461AAFF1.udd" 647
"../../../Engine/Content/MobileResources/HUD/MobileHUDButton2_off.uasset" 648
"/Users/rakesh-2518/Library/Application Support/Epic/UnrealEngine/Common/DerivedDataCache/2/5/8/TEXTURE_814DCC3DC72143F49509781513CB9855_BGRA8_886C91E79E479498F0277F830C3EF6C__C67393BEE3B74B95376CE8DC998F1280AAF3550E.udd" 649
"/Users/rakesh-2518/Library/Application Support/Epic/UnrealEngine/Common/DerivedDataCache/9/7/6/TEXTURE_814DCC3DC72143F49509781513CB9855_BGRA8_3EB382407F40D7F09F4FEBBC396B2E4__DE72D2BC6C9CDDEA81299F5AF140A1E938A00B63.udd" 650
"../../../Engine/Content/MobileResources/HUD/MobileHUDDirectionStick.uasset" 651
"../../../Engine/Content/MobileResources/HUD/MobileHUDButtonFire.uasset" 652
"../../../Engine/Content/MobileResources/T_MobileMenu2.uasset" 653
"../../../../../../../Volumes/Personal/Works/DinoHunt/Content/Textures/UI/EmptyButton_Sprite.uasset" 654
"/Users/rakesh-2518/Library/Application Support/Epic/UnrealEngine/Common/DerivedDataCache/2/7/5/TEXTURE_814DCC3DC72143F49509781513CB9855_BGRA8_2B1605BEBD4BA12006F09F8E897136E__1BFE52670B2D90006540F0728BB37D80A5F4E9EB.udd" 655
"/Users/rakesh-2518/Library/Application Support/Epic/UnrealEngine/Common/DerivedDataCache/0/4/0/TEXTURE_814DCC3DC72143F49509781513CB9855_BGRA8_9F83FD2BFC4A43C868CDAAA7C3757EA__545408CA06BEAF7847DB0B5BBB313E9D806B7B60.udd" 656
"../../../Engine/Content/Maps/Entry.umap" 657
"../../../Engine/Content/EngineMaterials/DefaultNormal.uasset" 658
"../../../../../../../Volumes/Personal/Works/DinoHunt/Content/Textures/UI/QuitButton_Sprite.uasset" 659
"/Users/rakesh-2518/Library/Application Support/Epic/UnrealEngine/Common/DerivedDataCache/3/5/9/TEXTURE_814DCC3DC72143F49509781513CB9855_BGRA8_54AC5137EB4B25D9760D49BC5F7DEC4__9830CE4301AA2E4E7D3E5E9BBEB0232960D61083.udd" 660
"/Users/rakesh-2518/Library/Application Support/Epic/UnrealEngine/Common/DerivedDataCache/8/3/3/TEXTURE_814DCC3DC72143F49509781513CB9855_BGRA8_27E93DF5534AB33B64191897B9396C3__DD870E67350E8815C595E3D87286B7DB1641270B.udd" 661
"/Users/rakesh-2518/Library/Application Support/Epic/UnrealEngine/Common/DerivedDataCache/2/4/9/TEXTURE_814DCC3DC72143F49509781513CB9855_BGRA8_3E65610130480DA1147058877AAA33E__9ABD3757511D3CF2BCFF700C24549DE84CD7C08E.udd" 662
"../../../Engine/Content/MobileResources/HUD/MobileHUDDirectionPad2.uasset" 663
"../../../Engine/Content/MobileResources/T_MobileControls_texture.uasset" 664
"/Users/rakesh-2518/Library/Application Support/Epic/UnrealEngine/Common/DerivedDataCache/0/3/1/TEXTURE_814DCC3DC72143F49509781513CB9855_BGRA8_F9B843E2504EDD3AB883F28B5738E2E__E3F749C1B25EEC76ADDE3C82657C859E9139DC39.udd" 665
"/Users/rakesh-2518/Library/Application Support/Epic/UnrealEngine/Common/DerivedDataCache/9/2/8/TEXTURE_814DCC3DC72143F49509781513CB9855_BGRA8_1116F375D644798E033B20873A74F64__7998CD61A1D2C2C1713F1D39BB677B1E0F8B8121.udd" 666
"/Users/rakesh-2518/Library/Application Support/Epic/UnrealEngine/Common/DerivedDataCache/2/3/2/TEXTURE_814DCC3DC72143F49509781513CB9855_BGRA8_70BD996DDC41BFB5368C24B1BB8F66B__95BB212E3FDC4B3F7FE14ECFB37451190A4FED52.udd" 667
"../../../../../../../Volumes/Personal/Works/DinoHunt/Content/Blueprints/HUD_Blueprint.uasset" 668
"../../../../../../../Volumes/Personal/Works/DinoHunt/Content/Blueprints/Grass.uasset" 669
"../../../../../../../Volumes/Personal/Works/DinoHunt/Content/Blueprints/Clouds1_Blueprint.uasset" 670
"../../../../../../../Volumes/Personal/Works/DinoHunt/Content/Textures/UI/ExitButton_Sprite.uasset" 671
"/Users/rakesh-2518/Library/Application Support/Epic/UnrealEngine/Common/DerivedDataCache/3/5/0/TEXTURE_814DCC3DC72143F49509781513CB9855_BGRA8_963B292AC44FA704E7EDA998B1980B4__8C19E96AC7A80042677CCCC8C0EF2DD0F065C0AC.udd" 672
"/Users/rakesh-2518/Library/Application Support/Epic/UnrealEngine/Common/DerivedDataCache/1/1/4/TEXTURE_814DCC3DC72143F49509781513CB9855_BGRA8_EEA938C48247FBCE5C29F9926D52B52__8B00E92557FC1D79FE318D14FE59F290C196B686.udd" 673
"/Users/rakesh-2518/Library/Application Support/Epic/UnrealEngine/Common/DerivedDataCache/4/2/2/TEXTURE_814DCC3DC72143F49509781513CB9855_BGRA8_E5BB209C454006927544969EF3F2E23__147EA99AF50AC3B57C4673F1E9243042A3C2A7CC.udd" 674
"../../../Engine/Content/MobileResources/HUD/T_Castle_ThumbstickOutter.uasset" 675
"../../../Engine/Content/MobileResources/HUD/MobileHUDButton3.uasset" 676
"../../../Engine/Content/MobileResources/HUD/MobileHUDButton1_off.uasset" 677
"/Users/rakesh-2518/Library/Application Support/Epic/UnrealEngine/Common/DerivedDataCache/3/5/7/TEXTURE_814DCC3DC72143F49509781513CB9855_BGRA8_A8EA9A62BA481A5FAD9657847C87D92__68E85ED8B96935487217014E0A038C65F5A627F4.udd" 678
"../../../Engine/Content/MobileResources/HUD/MobileHUDDirectionPad.uasset" 679
"/Users/rakesh-2518/Library/Application Support/Epic/UnrealEngine/Common/DerivedDataCache/3/5/7/TEXTURE_814DCC3DC72143F49509781513CB9855_BGRA8_A7CCA921594B390FD5B8DF87215FA81__B955D91927F595CA13FC0D12D68A5AE2574BAFF6.udd" 680
"/Users/rakesh-2518/Library/Application Support/Epic/UnrealEngine/Common/DerivedDataCache/7/4/5/TEXTURE_814DCC3DC72143F49509781513CB9855_BGRA8_EB0F5ACC3644854429FF5FB5782471F__5EAFE3777A8E4E2877EC8783F9F93AB9161E9EEC.udd" 681
"../../../Engine/Content/MobileResources/HUD/T_Castle_ThumbstickInner.uasset" 682
"/Users/rakesh-2518/Library/Application Support/Epic/UnrealEngine/Common/DerivedDataCache/1/6/0/TEXTURE_814DCC3DC72143F49509781513CB9855_BGRA8_230B3341814D746C10C0848542355D4__04547290AF59F52DB3A0D67590589155D9D074F4.udd" 683
"/Users/rakesh-2518/Library/Application Support/Epic/UnrealEngine/Common/DerivedDataCache/8/0/8/TEXTURE_814DCC3DC72143F49509781513CB9855_BGRA8_DF0DEF4D2649BAAC758060A2AC32127__B3057902E976BCDCA4AAF36D7DDC268502EF0007.udd" 684
"/Users/rakesh-2518/Library/Application Support/Epic/UnrealEngine/Common/DerivedDataCache/1/5/3/TEXTURE_814DCC3DC72143F49509781513CB9855_BGRA8_E02C18E77B4CDD82D9FEC29F40FDE18__D76763B72A19238B239CDE215E4303B03FF1D0D8.udd" 685
"/Users/rakesh-2518/Library/Application Support/Epic/UnrealEngine/Common/DerivedDataCache/5/3/4/TEXTURE_814DCC3DC72143F49509781513CB9855_BGRA8_A7553537A140AB3756904B8572C7FC6__42C67C107573508E6BFD6C5695EDB17E1CCE6167.udd" 686
"../../../../../../../Volumes/Personal/Works/DinoHunt/Content/Blueprints/UI.uasset" 687
"../../../Engine/Content/MobileResources/HUD/MobileHUDButton2_on.uasset" 688
"/Users/rakesh-2518/Library/Application Support/Epic/UnrealEngine/Common/DerivedDataCache/2/8/0/TEXTURE_814DCC3DC72143F49509781513CB9855_BGRA8_4D40551B674930FF338B01AFD936762__2127A614815581115C2F5161F34CEF0B6F5E635B.udd" 689
"/Users/rakesh-2518/Library/Application Support/Epic/UnrealEngine/Common/DerivedDataCache/9/3/2/TEXTURE_814DCC3DC72143F49509781513CB9855_BGRA8_FC7F27F6C04A1FA9F659148AFDAE772__A970D2754BF6C7F1E3E3259D3678B5289AA2323B.udd" 690
"/Users/rakesh-2518/Library/Application Support/Epic/UnrealEngine/Common/DerivedDataCache/4/2/7/TEXTURE_814DCC3DC72143F49509781513CB9855_BGRA8_5358C9EBAE42190CE0DC08BA8184E29__8ADFE8658B3550517ABFCC59E676D38F888207C9.udd" 691
"/Users/rakesh-2518/Library/Application Support/Epic/UnrealEngine/Common/DerivedDataCache/0/0/1/TEXTURE_814DCC3DC72143F49509781513CB9855_BGRA8_6F0F62137F4CD1A10613D2A004D21AF__D5B9ECA3D46A71D9C15DF6379F045ED9C79F5735.udd" 692
"../../../../../../../Volumes/Personal/Works/DinoHunt/Content/Textures/Dino3/Dino3.uasset" 693
"/Users/rakesh-2518/Library/Application Support/Epic/UnrealEngine/Common/DerivedDataCache/6/0/3/TEXTURE_814DCC3DC72143F49509781513CB9855_BGRA8_616788D8474B6B2EA67FD58B0470B84__BDE4C6B3BE5B205504B3293B9F590A18B4F9455A.udd" 694
"/Users/rakesh-2518/Library/Application Support/Epic/UnrealEngine/Common/DerivedDataCache/6/6/3/TEXTURE_814DCC3DC72143F49509781513CB9855_BGRA8_7FDC7BB4034878165762E68FB00EDC4__CC459BE1A080107840182AFEC634B572F6ABB6D8.udd" 695
"../../../../../../../Volumes/Personal/Works/DinoHunt/Saved/Stats/2015.09.27-18.13.12Stats.csv" 696
"../../../Engine/Content/Internationalization/icudt53l/zoneinfo64.res" 697
"../../../Engine/Content/Internationalization/icudt53l/keyTypeData.res" 698
"../../../Engine/Content/Internationalization/icudt53l/timezoneTypes.res" 699
"../../../Engine/Content/Internationalization/icudt53l/supplementalData.res" 700
"../../../Engine/Content/Internationalization/icudt53l/likelySubtags.res" 701
