"../../../Engine/Content/Functions/Engine_MaterialFunctions01/Opacity/CameraDepthFade.uasset" 0
"../../../Engine/Content/EngineMaterials/T_Default_Material_Grid_M.uasset" 1
"../../../Engine/Content/EngineMaterials/T_Default_Material_Grid_N.uasset" 2
"../../../Engine/Content/EngineMaterials/DefaultMaterial.uasset" 3
"../../../Engine/Content/EngineMaterials/DefaultDiffuse.uasset" 4
"../../../Engine/Content/EngineMaterials/DefaultNormal.uasset" 5
"../../../Engine/Content/Maps/Entry.umap" 6
"../../../DinoHunt/Content/Textures/Rock/Rock1.uasset" 7
"../../../DinoHunt/Content/Textures/Rock/Rock_Sprite.uasset" 8
"../../../DinoHunt/Content/Blueprints/Rock_Blueprint.uasset" 9
"../../../DinoHunt/Content/Blueprints/RadialForceActor_Blueprint.uasset" 10
"../../../Engine/Content/EditorBlueprintResources/StandardMacros.uasset" 11
"../../../DinoHunt/Content/Blueprints/Camera_Blueprint.uasset" 12
"../../../DinoHunt/Content/Textures/Clouds/Clouds1.uasset" 13
"../../../DinoHunt/Content/Textures/Clouds/Clouds1_Sprite.uasset" 14
"../../../DinoHunt/Content/Blueprints/Clouds_Blueprint.uasset" 15
"../../../DinoHunt/Content/Textures/Dino1/Dino1_1.uasset" 16
"../../../DinoHunt/Content/Textures/Dino1/Dino1_1_Sprite.uasset" 17
"../../../DinoHunt/Content/Textures/Dino1/Dino1_2.uasset" 18
"../../../DinoHunt/Content/Textures/Dino1/Dino1_2_Sprite.uasset" 19
"../../../DinoHunt/Content/Textures/Dino1/Dino1_3.uasset" 20
"../../../DinoHunt/Content/Textures/Dino1/Dino1_3_Sprite.uasset" 21
"../../../DinoHunt/Content/Textures/Dino1/Dino1_Flipbook.uasset" 22
"../../../DinoHunt/Content/Blueprints/Dino_Blueprint.uasset" 23
"../../../DinoHunt/Content/Blueprints/LevelMaster_Blueprint.uasset" 24
"../../../DinoHunt/Content/Textures/UI/ExitButton.uasset" 25
"../../../DinoHunt/Content/Textures/UI/RetryButton.uasset" 26
"../../../DinoHunt/Content/Blueprints/InLevelMenu_Blueprint.uasset" 27
"../../../DinoHunt/Content/Textures/Background/Clouds2.uasset" 28
"../../../DinoHunt/Content/Textures/Background/Clouds2_Sprite.uasset" 29
"../../../DinoHunt/Content/Textures/Background/DistantGround.uasset" 30
"../../../DinoHunt/Content/Textures/Background/DistantGround_Sprite.uasset" 31
"../../../DinoHunt/Content/Textures/Background/Frame.uasset" 32
"../../../DinoHunt/Content/Textures/Background/Frame_Sprite.uasset" 33
"../../../DinoHunt/Content/Textures/Background/Hills2.uasset" 34
"../../../DinoHunt/Content/Textures/Background/Hills2_Sprite.uasset" 35
"../../../DinoHunt/Content/Textures/Background/Hills3.uasset" 36
"../../../DinoHunt/Content/Textures/Background/Hills3_Sprite.uasset" 37
"../../../DinoHunt/Content/Textures/Background/Hills.uasset" 38
"../../../DinoHunt/Content/Textures/Background/Hills_Sprite.uasset" 39
"../../../DinoHunt/Content/Textures/Background/Sky.uasset" 40
"../../../DinoHunt/Content/Textures/Background/Sky_Sprite.uasset" 41
"../../../DinoHunt/Content/Textures/Foreground/Ground1.uasset" 42
"../../../DinoHunt/Content/Textures/Foreground/Ground1_Sprite.uasset" 43
"../../../DinoHunt/Content/Textures/Levels/Level1.uasset" 44
"../../../DinoHunt/Content/Textures/Levels/Level1_Sprite.uasset" 45
"../../../DinoHunt/Content/Maps/Level1.umap" 46
"../../../DinoHunt/Content/Textures/Dino2/Dino2_1.uasset" 47
"../../../DinoHunt/Content/Textures/Dino2/Dino2_1_Sprite.uasset" 48
"../../../DinoHunt/Content/Textures/Dino2/Dino2_Flipbook.uasset" 49
"../../../DinoHunt/Content/Textures/Levels/Level2.uasset" 50
"../../../DinoHunt/Content/Textures/Levels/Level2_Sprite.uasset" 51
"../../../DinoHunt/Content/Maps/Level2.umap" 52
"../../../DinoHunt/Content/Textures/Levels/Level3.uasset" 53
"../../../DinoHunt/Content/Textures/Levels/Level3_Sprite.uasset" 54
"../../../DinoHunt/Content/Maps/Level3.umap" 55
"../../../DinoHunt/Content/Textures/Levels/Level4.uasset" 56
"../../../DinoHunt/Content/Textures/Levels/Level4_Sprite.uasset" 57
"../../../DinoHunt/Content/Maps/Level4.umap" 58
"../../../DinoHunt/Content/Textures/Levels/Level5.uasset" 59
"../../../DinoHunt/Content/Textures/Levels/Level5_Sprite.uasset" 60
"../../../DinoHunt/Content/Maps/Level5.umap" 61
"../../../DinoHunt/Content/Textures/Dino3/Dino3_1.uasset" 62
"../../../DinoHunt/Content/Textures/Dino3/Dino3_1_Sprite.uasset" 63
"../../../DinoHunt/Content/Textures/Dino3/Dino3_Flipbook.uasset" 64
"../../../DinoHunt/Content/Textures/Levels/Level6.uasset" 65
"../../../DinoHunt/Content/Textures/Levels/Level6_Sprite.uasset" 66
"../../../DinoHunt/Content/Maps/Level6.umap" 67
"../../../DinoHunt/Content/Textures/Levels/Level7.uasset" 68
"../../../DinoHunt/Content/Textures/Levels/Level7_Sprite.uasset" 69
"../../../DinoHunt/Content/Maps/Level7.umap" 70
"../../../DinoHunt/Content/Textures/Levels/Level8.uasset" 71
"../../../DinoHunt/Content/Textures/Levels/Level8_Sprite.uasset" 72
"../../../DinoHunt/Content/Textures/Plank/Plank.uasset" 73
"../../../DinoHunt/Content/Textures/Plank/Plank_Sprite.uasset" 74
"../../../DinoHunt/Content/Maps/Level8.umap" 75
"../../../DinoHunt/Content/Textures/Levels/Level9.uasset" 76
"../../../DinoHunt/Content/Textures/Levels/Level9_Sprite.uasset" 77
"../../../DinoHunt/Content/Maps/Level9.umap" 78
"../../../DinoHunt/Content/Textures/UI/EmptyButton.uasset" 79
"../../../DinoHunt/Content/Textures/UI/QuitButton.uasset" 80
"../../../DinoHunt/Content/Blueprints/MainMenu_Blueprint.uasset" 81
"../../../DinoHunt/Content/Maps/MainMenu.umap" 82
"../../../DinoHunt/Content/Blueprints/LevelSelectMenu_Blueprint.uasset" 83
"../../../DinoHunt/Content/Maps/LevelSelect.umap" 84
"../../../Engine/Content/EditorResources/S_Actor.uasset" 85
"../../../Engine/Content/Maps/Templates/Thumbnails/Default.uasset" 86
"../../../Engine/Content/EditorMaterials/ParticleSystems/PSysThumbnail_NoImage.uasset" 87
"../../../Engine/Content/EditorMaterials/ParticleSystems/PSysThumbnail_OOD.uasset" 88
"../../../Engine/Content/EditorLandscapeResources/DataLayer.uasset" 89
"../../../Engine/Content/EngineFonts/Roboto.uasset" 90
"../../../Engine/Content/Functions/Engine_MaterialFunctions01/Shading/PowerToRoughness.uasset" 91
"../../../Engine/Content/EngineMaterials/DefaultDeferredDecalMaterial.uasset" 92
"../../../Engine/Content/EngineMaterials/DefaultLightFunctionMaterial.uasset" 93
"../../../Engine/Content/Functions/Engine_MaterialFunctions02/Utility/BreakOutFloat2Components.uasset" 94
"../../../Engine/Content/EngineMaterials/DefaultPostProcessMaterial.uasset" 95
"../../../Engine/Content/EngineResources/DefaultTexture.uasset" 96
"../../../Engine/Content/Functions/Engine_MaterialFunctions02/Texturing/ScreenAlignedUVs.uasset" 97
"../../../Engine/Content/EngineResources/WhiteSquareTexture.uasset" 98
"../../../Engine/Content/EngineMaterials/Widget3DPassThrough.uasset" 99
"../../../Engine/Content/EngineMaterials/Widget3DPassThrough_Translucent.uasset" 100
"../../../Engine/Content/EngineMaterials/Widget3DPassThrough_Translucent_OneSided.uasset" 101
"../../../Engine/Content/EngineMaterials/Widget3DPassThrough_Opaque.uasset" 102
"../../../Engine/Content/EngineMaterials/Widget3DPassThrough_Opaque_OneSided.uasset" 103
"../../../Engine/Content/EngineMaterials/Widget3DPassThrough_Masked.uasset" 104
"../../../Engine/Content/EngineMaterials/Widget3DPassThrough_Masked_OneSided.uasset" 105
"../../../Engine/Content/EngineDamageTypes/DmgTypeBP_Environmental.uasset" 106
"../../../Engine/Content/EngineMeshes/Sphere.uasset" 107
"../../../Engine/Content/EngineFonts/RobotoDistanceField.uasset" 108
"../../../Engine/Content/EngineMaterials/DefaultTextMaterialOpaque.uasset" 109
"../../../Engine/Content/EditorResources/S_Trigger.uasset" 110
"../../../Engine/Content/EngineResources/GradientTexture0.uasset" 111
"../../../Engine/Content/EngineResources/Black.uasset" 112
"../../../Engine/Content/EditorMaterials/MatineeGroups/MAT_Groups_Float.uasset" 113
"../../../Engine/Content/EditorMaterials/MatineeGroups/MAT_Groups_Director.uasset" 114
"../../../Engine/Content/EditorMaterials/MatineeGroups/MAT_Groups_Event.uasset" 115
"../../../Engine/Content/EditorMaterials/MatineeGroups/MAT_Groups_Anim.uasset" 116
"../../../Engine/Content/EditorMaterials/MatineeGroups/MAT_Groups_Fade.uasset" 117
"../../../Engine/Content/EditorMaterials/MatineeGroups/MAT_Groups_Move.uasset" 118
"../../../Engine/Content/EditorMaterials/MatineeGroups/MAT_Groups_Slomo.uasset" 119
"../../../Engine/Content/EditorMaterials/MatineeGroups/MAT_ColorTrack.uasset" 120
"../../../Engine/Content/EditorMaterials/MAT_Groups_Toggle.uasset" 121
"../../../Engine/Content/EditorMaterials/MatineeGroups/MAT_Groups_AudioMaster.uasset" 122
"../../../Engine/Content/EditorMaterials/MatineeGroups/MAT_Groups_Sound.uasset" 123
"../../../Engine/Content/EditorMaterials/MatineeGroups/MAT_Groups_Vector.uasset" 124
"../../../Engine/Content/EditorMaterials/MAT_Groups_Visibility.uasset" 125
"../../../Engine/Content/EngineResources/DefaultTextureCube.uasset" 126
"../../../Engine/Content/EngineMeshes/Cylinder.uasset" 127
"../../../Engine/Content/EngineTireTypes/DefaultTireType.uasset" 128
"../../../Engine/Content/EngineResources/AICON-Red.uasset" 129
"../../../Engine/Content/EngineResources/AICON-Green.uasset" 130
"../../../Engine/Content/Tutorial/Basics/LevelEditorAttract.uasset" 131
"../../../Engine/Content/Tutorial/Basics/TutorialAssets/icon_tab_Levels_40x.uasset" 132
"../../../Engine/Content/Tutorial/Basics/LevelEditorOverview.uasset" 133
"../../../Engine/Content/Tutorial/SubEditors/TutorialAssets/TutorialMaterial.uasset" 134
"../../../Engine/Content/Tutorial/SubEditors/MaterialEditorTutorial.uasset" 135
"../../../Engine/Content/Tutorial/Landscape/TutorialAssets/Landscape.uasset" 136
"../../../Engine/Content/Tutorial/Landscape/Landscape_Painting_Mode.uasset" 137
"../../../Engine/Content/Tutorial/Landscape/Landscape_Sculpt_Mode.uasset" 138
"../../../Engine/Content/Tutorial/Landscape/Landscape_Manage_Mode.uasset" 139
"../../../Engine/Content/Tutorial/Foliage/TutorialAssets/Foliage.uasset" 140
"../../../Engine/Content/Tutorial/Foliage/Foliage_Settings_Tutorial.uasset" 141
"../../../Engine/Content/Tutorial/Foliage/Foliage_Using_The_Tool_Tutorial.uasset" 142
"../../../Engine/Content/Tutorial/Foliage/Foliage_Intro_Tutorial.uasset" 143
"../../../Engine/Content/Tutorial/ContentIntroCurve.uasset" 144
"../../../Engine/Plugins/2D/Paper2D/Content/PlaceholderTextures/DummySpriteTexture.uasset" 145
"../../../Engine/Plugins/2D/Paper2D/Content/DummySpriteTexture.uasset" 146
"../../../Engine/Plugins/2D/Paper2D/Content/DefaultSpriteMaterial.uasset" 147
"../../../Engine/Plugins/2D/Paper2D/Content/MaskedUnlitSpriteMaterial.uasset" 148
"../../../Engine/Plugins/2D/Paper2D/Content/OpaqueUnlitSpriteMaterial.uasset" 149
"../../../Engine/Plugins/2D/Paper2D/Content/DummySprite.uasset" 150
"../../../Engine/Plugins/2D/Paper2D/Content/DefaultPaperTerrainMaterial.uasset" 151
"../../../Engine/Content/EngineMaterials/RemoveSurfaceMaterial.uasset" 152
"../../../Engine/Content/EngineDebugMaterials/DebugMeshMaterial.uasset" 153
"../../../Engine/Content/EngineMaterials/InvalidLightmapSettings.uasset" 154
"../../../Engine/Content/EngineMaterials/M_InvalidLightmapSettings.uasset" 155
"../../../Engine/Content/EditorMaterials/GizmoMaterial.uasset" 156
"../../../Engine/Content/EngineMaterials/Good64x64TilingNoiseHighFreq.uasset" 157
"../../../Engine/Content/EngineMaterials/DefaultBokeh.uasset" 158
"../../../Engine/Content/EngineMaterials/PreintegratedSkinBRDF.uasset" 159
"../../../Engine/Content/EngineMaterials/MiniFont.uasset" 160
"../../../Engine/Content/EngineMaterials/WeightMapPlaceholderTexture.uasset" 161
"../../../Engine/Content/EngineMaterials/DefaultPhysicalMaterial.uasset" 162
"../../../Engine/Content/EngineFonts/RobotoTiny.uasset" 163
"../../../Engine/Content/MobileResources/HUD/MobileHUDDirectionPad3.uasset" 164
"../../../Engine/Content/MobileResources/T_MobileControls_texture.uasset" 165
"../../../Engine/Content/MobileResources/HUD/AnalogHat.uasset" 166
"../../../Engine/Content/MobileResources/HUD/MobileHUDDirectionPad2.uasset" 167
"../../../Engine/Content/MobileResources/HUD/MobileHUDDirectionStick.uasset" 168
"../../../Engine/Content/EditorResources/EmptyActor.uasset" 169
"../../../Engine/Content/EditorResources/LightIcons/S_LightError.uasset" 170
"../../../DinoHunt/Content/Textures/UI/RetryButton_Sprite.uasset" 171
"../../../DinoHunt/Content/Blueprints/Clouds1_Blueprint.uasset" 172
"../../../Engine/Content/MobileResources/HUD/MobileHUDButton1_on.uasset" 173
"../../../Engine/Content/MobileResources/HUD/VirtualJoystick_Background.uasset" 174
"../../../Engine/Content/MobileResources/HUD/VirtualJoystick_Thumb.uasset" 175
"../../../Engine/Content/MobileResources/HUD/DefaultVirtualJoysticks.uasset" 176
"../../../Engine/Content/MobileResources/T_MobileMenu2.uasset" 177
"../../../Engine/Content/MobileResources/HUD/T_Castle_ThumbstickOutter.uasset" 178
"../../../Engine/Content/MobileResources/HUD/MobileHUDDirectionPad.uasset" 179
"../../../DinoHunt/Content/Textures/UI/QuitButton_Sprite.uasset" 180
"../../../DinoHunt/Content/Blueprints/HUD_Blueprint.uasset" 181
"../../../DinoHunt/Content/Blueprints/UI.uasset" 182
"../../../Engine/Content/MobileResources/HUD/T_Castle_ThumbstickInner.uasset" 183
"../../../Engine/Content/MobileResources/HUD/MobileHUDButton2_on.uasset" 184
"../../../DinoHunt/Content/Textures/UI/ExitButton_Sprite.uasset" 185
"../../../DinoHunt/Content/Textures/Dino3/Dino3.uasset" 186
"../../../Engine/Content/MobileResources/HUD/MobileHUDButton1_off.uasset" 187
"../../../DinoHunt/Content/Textures/UI/EmptyButton_Sprite.uasset" 188
"../../../Engine/Content/MobileResources/HUD/MobileHUDButton3.uasset" 189
"../../../DinoHunt/Content/Textures/Background/test1.uasset" 190
"../../../DinoHunt/Content/Textures/Background/test1_Sprite.uasset" 191
"../../../Engine/Content/MobileResources/HUD/MobileHUDButtonFire.uasset" 192
"../../../Engine/Content/MobileResources/HUD/LeftVirtualJoystickOnly.uasset" 193
"../../../Engine/Content/MobileResources/HUD/MobileHUDButton2_off.uasset" 194
"../../../Engine/Content/EditorMaterials/PhAT_JointLimitMaterial.uasset" 195
"../../../Engine/Content/EditorMaterials/PreviewShadowIndicator.uasset" 196
"../../../Engine/Content/EditorMaterials/PreviewShadowIndicatorMaterial.uasset" 197
"../../../Engine/Content/EditorMeshes/ColorCalibrator/M_ChromeBall.uasset" 198
"../../../Engine/Content/EditorMeshes/ColorCalibrator/M_ClearCoat.uasset" 199
"../../../Engine/Content/EditorMeshes/ColorCalibrator/M_ClearCoatBlack.uasset" 200
"../../../Engine/Content/EditorMeshes/ColorCalibrator/T_ColorGrid.uasset" 201
"../../../Engine/Content/EditorMeshes/ColorCalibrator/M_ColorGrid.uasset" 202
"../../../Engine/Content/EditorMeshes/ColorCalibrator/M_GreyBall.uasset" 203
"../../../Engine/Content/EditorMeshes/ColorCalibrator/SM_ColorCalibrator.uasset" 204
"../../../Engine/Content/EditorResources/BSPVertex.uasset" 205
"../../../Engine/Content/EngineDebugMaterials/HeatmapGradient.uasset" 206
"../../../Engine/Content/EngineDebugMaterials/BoneWeightMaterial.uasset" 207
"../../../Engine/Content/EngineDebugMaterials/GeomMaterial.uasset" 208
"../../../Engine/Content/Functions/Engine_MaterialFunctions01/Shading/ConvertFromDiffSpec.uasset" 209
"../../../Engine/Content/EngineDebugMaterials/LevelColorationLitMaterial.uasset" 210
"../../../Engine/Content/EngineDebugMaterials/LevelColorationUnlitMaterial.uasset" 211
"../../../Engine/Content/EngineMaterials/DefaultWhiteGrid.uasset" 212
"../../../Engine/Content/EngineDebugMaterials/MAT_LevelColorationLitLightmapUV.uasset" 213
"../../../Engine/Content/EngineDebugMaterials/ShadedLevelColorationLitMaterial.uasset" 214
"../../../Engine/Content/EngineDebugMaterials/ShadedLevelColorationUnlitMateri.uasset" 215
"../../../Engine/Content/EngineDebugMaterials/VertexColorMaterial.uasset" 216
"../../../Engine/Content/EngineDebugMaterials/VertexColorViewMode_AlphaAsColor.uasset" 217
"../../../Engine/Content/EngineDebugMaterials/VertexColorViewMode_BlueOnly.uasset" 218
"../../../Engine/Content/EngineDebugMaterials/VertexColorViewMode_ColorOnly.uasset" 219
"../../../Engine/Content/EngineDebugMaterials/VertexColorViewMode_GreenOnly.uasset" 220
"../../../Engine/Content/EngineDebugMaterials/VertexColorViewMode_RedOnly.uasset" 221
"../../../Engine/Content/EngineDebugMaterials/WireframeMaterial.uasset" 222
"../../../Engine/Content/EngineMaterials/EditorBrushMaterial.uasset" 223
"../../../Engine/Content/Tutorial/BlueprintTutorials/TutorialAssets/Blueprint_64x.uasset" 224
"../../../Engine/Content/Tutorial/BlueprintTutorials/BlueprintEditorTutorial.uasset" 225
"../../../Engine/Content/Tutorial/BlueprintTutorials/TutorialAssets/BlueprintInterface_64x.uasset" 226
"../../../Engine/Content/Tutorial/BlueprintTutorials/TutorialAssets/Tutorial_BP_Interface.uasset" 227
"../../../Engine/Content/Tutorial/BlueprintTutorials/BlueprintInterfacesEditorOverview.uasset" 228
"../../../Engine/Content/Tutorial/BlueprintTutorials/TutorialAssets/BlueprintMacroLibrary_64x.uasset" 229
"../../../Engine/Content/Tutorial/BlueprintTutorials/TutorialAssets/Tutorial_BP_MacroLib.uasset" 230
"../../../Engine/Content/Tutorial/BlueprintTutorials/BlueprintMacroLibrariesEditorOverview.uasset" 231
"../../../Engine/Content/Tutorial/BlueprintTutorials/LevelBlueprintEditorOverview.uasset" 232
"../../../Engine/Content/Tutorial/Paper2D/TutorialAssets/Paper2DFlipbook_TutorialIcon.uasset" 233
"../../../Engine/Content/Tutorial/Paper2D/FlipbookEditorTutorial.uasset" 234
"../../../Engine/Content/Tutorial/Paper2D/TutorialAssets/Paper2DSprite_TutorialIcon.uasset" 235
"../../../Engine/Content/Tutorial/Paper2D/SpriteEditorTutorial.uasset" 236
"../../../Engine/Content/EngineMaterials/WorldGridMaterial.uasset" 237
"../../../Engine/Content/EditorMeshes/EditorCube.uasset" 238
"../../../Engine/Content/Tutorial/SubEditors/TutorialAssets/Tutorial_DM.uasset" 239
"../../../Engine/Content/Tutorial/SubEditors/DestructibleMeshEditorTutorial.uasset" 240
"../../../Engine/Content/Tutorial/SubEditors/TutorialAssets/T_SmokeSubUV_8X8.uasset" 241
"../../../Engine/Content/Tutorial/SubEditors/TutorialAssets/T_soft_smoke.uasset" 242
"../../../Engine/Content/Tutorial/SubEditors/TutorialAssets/M_smoke_subUV_blackbody.uasset" 243
"../../../Engine/Content/Tutorial/SubEditors/TutorialAssets/TutorialParticleSystem.uasset" 244
"../../../Engine/Content/Tutorial/SubEditors/ParticleSystemEditorTutorial.uasset" 245
"../../../Engine/Content/Tutorial/SubEditors/TutorialAssets/icon_ShowSkeletalMeshes_40x.uasset" 246
"../../../Engine/Content/Tutorial/SubEditors/TutorialAssets/Character/TutorialTPP_Mat.uasset" 247
"../../../Engine/Content/Tutorial/SubEditors/TutorialAssets/Character/TutorialTPP_PhysicsAsset.uasset" 248
"../../../Engine/Content/Tutorial/SubEditors/TutorialAssets/Character/TutorialTPP.uasset" 249
"../../../Engine/Content/Tutorial/SubEditors/TutorialAssets/Character/TutorialTPP_Skeleton.uasset" 250
"../../../Engine/Content/Tutorial/SubEditors/TutorialAssets/Character/Tutorial_Idle.uasset" 251
"../../../Engine/Content/Tutorial/SubEditors/TutorialAssets/Character/Tutorial_Walk_Fwd.uasset" 252
"../../../Engine/Content/Tutorial/SubEditors/TutorialAssets/Character/NewBlendSpace1D.uasset" 253
"../../../Engine/Content/Tutorial/SubEditors/TutorialAssets/Character/TutorialCharacter.uasset" 254
"../../../Engine/Content/Tutorial/SubEditors/TutorialAssets/Character/TutorialTPP_AnimBlueprint.uasset" 255
"../../../Engine/Content/Tutorial/SubEditors/PersonaAnimBlueprintEditorWalkthrough.uasset" 256
"../../../Engine/Content/Tutorial/SubEditors/PersonaAnimEditorWalkthrough.uasset" 257
"../../../Engine/Content/Tutorial/SubEditors/PersonaAnimEditorTutorial.uasset" 258
"../../../Engine/Content/EngineMeshes/Cube.uasset" 259
"../../../Engine/Content/Tutorial/SubEditors/StaticMeshEditorTutorial.uasset" 260
"../../../Engine/Content/Tutorial/SubEditors/TutorialAssets/icon_Editor_Preferences_General_40x.uasset" 261
